This file contains any messages produced by compilers while
running configure, to aid debugging if configure makes a mistake.

It was created by pbc configure 0.5.14, which was
generated by GNU Autoconf 2.68.  Invocation command line was

  $ ./configure --prefix=/usr

## --------- ##
## Platform. ##
## --------- ##

hostname = cai-B250M-D3H
uname -m = x86_64
uname -r = 4.15.0-33-generic
uname -s = Linux
uname -v = #36~16.04.1-Ubuntu SMP Wed Aug 15 17:21:05 UTC 2018

/usr/bin/uname -p = unknown
/bin/uname -X     = unknown

/bin/arch              = unknown
/usr/bin/arch -k       = unknown
/usr/convex/getsysinfo = unknown
/usr/bin/hostinfo      = unknown
/bin/machine           = unknown
/usr/bin/oslevel       = unknown
/bin/universe          = unknown

PATH: /usr/local/sbin
PATH: /usr/local/bin
PATH: /usr/sbin
PATH: /usr/bin
PATH: /sbin
PATH: /bin
PATH: /snap/bin


## ----------- ##
## Core tests. ##
## ----------- ##

configure:2303: checking for a BSD-compatible install
configure:2371: result: /usr/bin/install -c
configure:2382: checking whether build environment is sane
configure:2432: result: yes
configure:2573: checking for a thread-safe mkdir -p
configure:2612: result: /bin/mkdir -p
configure:2625: checking for gawk
configure:2641: found /usr/bin/gawk
configure:2652: result: gawk
configure:2663: checking whether make sets $(MAKE)
configure:2685: result: yes
configure:2798: checking build system type
configure:2812: result: x86_64-unknown-linux-gnu
configure:2832: checking host system type
configure:2845: result: x86_64-unknown-linux-gnu
configure:2886: checking how to print strings
configure:2913: result: printf
configure:2946: checking for style of include used by make
configure:2974: result: GNU
configure:3045: checking for gcc
configure:3061: found /usr/bin/gcc
configure:3072: result: gcc
configure:3301: checking for C compiler version
configure:3310: gcc --version >&5
gcc (Ubuntu 5.4.0-6ubuntu1~16.04.10) 5.4.0 20160609
Copyright (C) 2015 Free Software Foundation, Inc.
This is free software; see the source for copying conditions.  There is NO
warranty; not even for MERCHANTABILITY or FITNESS FOR A PARTICULAR PURPOSE.

configure:3321: $? = 0
configure:3310: gcc -v >&5
Using built-in specs.
COLLECT_GCC=gcc
COLLECT_LTO_WRAPPER=/usr/lib/gcc/x86_64-linux-gnu/5/lto-wrapper
Target: x86_64-linux-gnu
Configured with: ../src/configure -v --with-pkgversion='Ubuntu 5.4.0-6ubuntu1~16.04.10' --with-bugurl=file:///usr/share/doc/gcc-5/README.Bugs --enable-languages=c,ada,c++,java,go,d,fortran,objc,obj-c++ --prefix=/usr --program-suffix=-5 --enable-shared --enable-linker-build-id --libexecdir=/usr/lib --without-included-gettext --enable-threads=posix --libdir=/usr/lib --enable-nls --with-sysroot=/ --enable-clocale=gnu --enable-libstdcxx-debug --enable-libstdcxx-time=yes --with-default-libstdcxx-abi=new --enable-gnu-unique-object --disable-vtable-verify --enable-libmpx --enable-plugin --with-system-zlib --disable-browser-plugin --enable-java-awt=gtk --enable-gtk-cairo --with-java-home=/usr/lib/jvm/java-1.5.0-gcj-5-amd64/jre --enable-java-home --with-jvm-root-dir=/usr/lib/jvm/java-1.5.0-gcj-5-amd64 --with-jvm-jar-dir=/usr/lib/jvm-exports/java-1.5.0-gcj-5-amd64 --with-arch-directory=amd64 --with-ecj-jar=/usr/share/java/eclipse-ecj.jar --enable-objc-gc --enable-multiarch --disable-werror --with-arch-32=i686 --with-abi=m64 --with-multilib-list=m32,m64,mx32 --enable-multilib --with-tune=generic --enable-checking=release --build=x86_64-linux-gnu --host=x86_64-linux-gnu --target=x86_64-linux-gnu
Thread model: posix
gcc version 5.4.0 20160609 (Ubuntu 5.4.0-6ubuntu1~16.04.10) 
configure:3321: $? = 0
configure:3310: gcc -V >&5
gcc: error: unrecognized command line option '-V'
gcc: fatal error: no input files
compilation terminated.
configure:3321: $? = 1
configure:3310: gcc -qversion >&5
gcc: error: unrecognized command line option '-qversion'
gcc: fatal error: no input files
compilation terminated.
configure:3321: $? = 1
configure:3341: checking whether the C compiler works
configure:3363: gcc    conftest.c  >&5
configure:3367: $? = 0
configure:3415: result: yes
configure:3418: checking for C compiler default output file name
configure:3420: result: a.out
configure:3426: checking for suffix of executables
configure:3433: gcc -o conftest    conftest.c  >&5
configure:3437: $? = 0
configure:3459: result: 
configure:3481: checking whether we are cross compiling
configure:3489: gcc -o conftest    conftest.c  >&5
configure:3493: $? = 0
configure:3500: ./conftest
configure:3504: $? = 0
configure:3519: result: no
configure:3524: checking for suffix of object files
configure:3546: gcc -c   conftest.c >&5
configure:3550: $? = 0
configure:3571: result: o
configure:3575: checking whether we are using the GNU C compiler
configure:3594: gcc -c   conftest.c >&5
configure:3594: $? = 0
configure:3603: result: yes
configure:3612: checking whether gcc accepts -g
configure:3632: gcc -c -g  conftest.c >&5
configure:3632: $? = 0
configure:3673: result: yes
configure:3690: checking for gcc option to accept ISO C89
configure:3754: gcc  -c -g -O2  conftest.c >&5
configure:3754: $? = 0
configure:3767: result: none needed
configure:3789: checking dependency style of gcc
configure:3900: result: gcc3
configure:3915: checking for a sed that does not truncate output
configure:3979: result: /bin/sed
configure:3997: checking for grep that handles long lines and -e
configure:4055: result: /bin/grep
configure:4060: checking for egrep
configure:4122: result: /bin/grep -E
configure:4127: checking for fgrep
configure:4189: result: /bin/grep -F
configure:4224: checking for ld used by gcc
configure:4291: result: /usr/bin/ld
configure:4298: checking if the linker (/usr/bin/ld) is GNU ld
configure:4313: result: yes
configure:4325: checking for BSD- or MS-compatible name lister (nm)
configure:4374: result: /usr/bin/nm -B
configure:4504: checking the name lister (/usr/bin/nm -B) interface
configure:4511: gcc -c -g -O2  conftest.c >&5
configure:4514: /usr/bin/nm -B "conftest.o"
configure:4517: output
0000000000000000 B some_variable
configure:4524: result: BSD nm
configure:4527: checking whether ln -s works
configure:4531: result: yes
configure:4539: checking the maximum length of command line arguments
configure:4669: result: 1572864
configure:4686: checking whether the shell understands some XSI constructs
configure:4696: result: yes
configure:4700: checking whether the shell understands "+="
configure:4706: result: yes
configure:4741: checking how to convert x86_64-unknown-linux-gnu file names to x86_64-unknown-linux-gnu format
configure:4781: result: func_convert_file_noop
configure:4788: checking how to convert x86_64-unknown-linux-gnu file names to toolchain format
configure:4808: result: func_convert_file_noop
configure:4815: checking for /usr/bin/ld option to reload object files
configure:4822: result: -r
configure:4896: checking for objdump
configure:4912: found /usr/bin/objdump
configure:4923: result: objdump
configure:4955: checking how to recognize dependent libraries
configure:5157: result: pass_all
configure:5242: checking for dlltool
configure:5272: result: no
configure:5302: checking how to associate runtime and link libraries
configure:5329: result: printf %s\n
configure:5390: checking for ar
configure:5406: found /usr/bin/ar
configure:5417: result: ar
configure:5454: checking for archiver @FILE support
configure:5471: gcc -c -g -O2  conftest.c >&5
configure:5471: $? = 0
configure:5474: ar cru libconftest.a @conftest.lst >&5
ar: `u' modifier ignored since `D' is the default (see `U')
configure:5477: $? = 0
configure:5482: ar cru libconftest.a @conftest.lst >&5
ar: `u' modifier ignored since `D' is the default (see `U')
ar: conftest.o: No such file or directory
configure:5485: $? = 1
configure:5497: result: @
configure:5555: checking for strip
configure:5571: found /usr/bin/strip
configure:5582: result: strip
configure:5654: checking for ranlib
configure:5670: found /usr/bin/ranlib
configure:5681: result: ranlib
configure:5783: checking command to parse /usr/bin/nm -B output from gcc object
configure:5903: gcc -c -g -O2  conftest.c >&5
configure:5906: $? = 0
configure:5910: /usr/bin/nm -B conftest.o \| sed -n -e 's/^.*[ ]\([ABCDGIRSTW][ABCDGIRSTW]*\)[ ][ ]*\([_A-Za-z][_A-Za-z0-9]*\)$/\1 \2 \2/p' | sed '/ __gnu_lto/d' \> conftest.nm
configure:5913: $? = 0
configure:5979: gcc -o conftest -g -O2   conftest.c conftstm.o >&5
configure:5982: $? = 0
configure:6020: result: ok
configure:6057: checking for sysroot
configure:6087: result: no
configure:6164: gcc -c -g -O2  conftest.c >&5
configure:6167: $? = 0
configure:6343: checking for mt
configure:6359: found /bin/mt
configure:6370: result: mt
configure:6393: checking if mt is a manifest tool
configure:6399: mt '-?'
configure:6407: result: no
configure:7049: checking how to run the C preprocessor
configure:7080: gcc -E  conftest.c
configure:7080: $? = 0
configure:7094: gcc -E  conftest.c
conftest.c:11:28: fatal error: ac_nonexistent.h: No such file or directory
compilation terminated.
configure:7094: $? = 1
configure: failed program was:
| /* confdefs.h */
| #define PACKAGE_NAME "pbc"
| #define PACKAGE_TARNAME "pbc"
| #define PACKAGE_VERSION "0.5.14"
| #define PACKAGE_STRING "pbc 0.5.14"
| #define PACKAGE_BUGREPORT "blynn@cs.stanford.edu"
| #define PACKAGE_URL ""
| #define PACKAGE "pbc"
| #define VERSION "0.5.14"
| /* end confdefs.h.  */
| #include <ac_nonexistent.h>
configure:7119: result: gcc -E
configure:7139: gcc -E  conftest.c
configure:7139: $? = 0
configure:7153: gcc -E  conftest.c
conftest.c:11:28: fatal error: ac_nonexistent.h: No such file or directory
compilation terminated.
configure:7153: $? = 1
configure: failed program was:
| /* confdefs.h */
| #define PACKAGE_NAME "pbc"
| #define PACKAGE_TARNAME "pbc"
| #define PACKAGE_VERSION "0.5.14"
| #define PACKAGE_STRING "pbc 0.5.14"
| #define PACKAGE_BUGREPORT "blynn@cs.stanford.edu"
| #define PACKAGE_URL ""
| #define PACKAGE "pbc"
| #define VERSION "0.5.14"
| /* end confdefs.h.  */
| #include <ac_nonexistent.h>
configure:7182: checking for ANSI C header files
configure:7202: gcc -c -g -O2  conftest.c >&5
configure:7202: $? = 0
configure:7275: gcc -o conftest -g -O2   conftest.c  >&5
configure:7275: $? = 0
configure:7275: ./conftest
configure:7275: $? = 0
configure:7286: result: yes
configure:7299: checking for sys/types.h
configure:7299: gcc -c -g -O2  conftest.c >&5
configure:7299: $? = 0
configure:7299: result: yes
configure:7299: checking for sys/stat.h
configure:7299: gcc -c -g -O2  conftest.c >&5
configure:7299: $? = 0
configure:7299: result: yes
configure:7299: checking for stdlib.h
configure:7299: gcc -c -g -O2  conftest.c >&5
configure:7299: $? = 0
configure:7299: result: yes
configure:7299: checking for string.h
configure:7299: gcc -c -g -O2  conftest.c >&5
configure:7299: $? = 0
configure:7299: result: yes
configure:7299: checking for memory.h
configure:7299: gcc -c -g -O2  conftest.c >&5
configure:7299: $? = 0
configure:7299: result: yes
configure:7299: checking for strings.h
configure:7299: gcc -c -g -O2  conftest.c >&5
configure:7299: $? = 0
configure:7299: result: yes
configure:7299: checking for inttypes.h
configure:7299: gcc -c -g -O2  conftest.c >&5
configure:7299: $? = 0
configure:7299: result: yes
configure:7299: checking for stdint.h
configure:7299: gcc -c -g -O2  conftest.c >&5
configure:7299: $? = 0
configure:7299: result: yes
configure:7299: checking for unistd.h
configure:7299: gcc -c -g -O2  conftest.c >&5
configure:7299: $? = 0
configure:7299: result: yes
configure:7313: checking for dlfcn.h
configure:7313: gcc -c -g -O2  conftest.c >&5
configure:7313: $? = 0
configure:7313: result: yes
configure:7519: checking for objdir
configure:7534: result: .libs
configure:7801: checking if gcc supports -fno-rtti -fno-exceptions
configure:7819: gcc -c -g -O2  -fno-rtti -fno-exceptions conftest.c >&5
cc1: warning: command line option '-fno-rtti' is valid for C++/ObjC++ but not for C
configure:7823: $? = 0
configure:7836: result: no
configure:8163: checking for gcc option to produce PIC
configure:8170: result: -fPIC -DPIC
configure:8178: checking if gcc PIC flag -fPIC -DPIC works
configure:8196: gcc -c -g -O2  -fPIC -DPIC -DPIC conftest.c >&5
configure:8200: $? = 0
configure:8213: result: yes
configure:8242: checking if gcc static flag -static works
configure:8270: result: yes
configure:8285: checking if gcc supports -c -o file.o
configure:8306: gcc -c -g -O2  -o out/conftest2.o conftest.c >&5
configure:8310: $? = 0
configure:8332: result: yes
configure:8340: checking if gcc supports -c -o file.o
configure:8387: result: yes
configure:8420: checking whether the gcc linker (/usr/bin/ld -m elf_x86_64) supports shared libraries
configure:9577: result: yes
configure:9614: checking whether -lc should be explicitly linked in
configure:9622: gcc -c -g -O2  conftest.c >&5
configure:9625: $? = 0
configure:9640: gcc -shared  -fPIC -DPIC conftest.o  -v -Wl,-soname -Wl,conftest -o conftest 2\>\&1 \| /bin/grep  -lc  \>/dev/null 2\>\&1
configure:9643: $? = 0
configure:9657: result: no
configure:9817: checking dynamic linker characteristics
configure:10328: gcc -o conftest -g -O2   -Wl,-rpath -Wl,/foo conftest.c  >&5
configure:10328: $? = 0
configure:10562: result: GNU/Linux ld.so
configure:10669: checking how to hardcode library paths into programs
configure:10694: result: immediate
configure:11234: checking whether stripping libraries is possible
configure:11239: result: yes
configure:11274: checking if libtool supports shared libraries
configure:11276: result: yes
configure:11279: checking whether to build shared libraries
configure:11300: result: yes
configure:11303: checking whether to build static libraries
configure:11307: result: yes
configure:11756: checking for gcc
configure:11783: result: gcc
configure:12012: checking for C compiler version
configure:12021: gcc --version >&5
gcc (Ubuntu 5.4.0-6ubuntu1~16.04.10) 5.4.0 20160609
Copyright (C) 2015 Free Software Foundation, Inc.
This is free software; see the source for copying conditions.  There is NO
warranty; not even for MERCHANTABILITY or FITNESS FOR A PARTICULAR PURPOSE.

configure:12032: $? = 0
configure:12021: gcc -v >&5
Using built-in specs.
COLLECT_GCC=gcc
COLLECT_LTO_WRAPPER=/usr/lib/gcc/x86_64-linux-gnu/5/lto-wrapper
Target: x86_64-linux-gnu
Configured with: ../src/configure -v --with-pkgversion='Ubuntu 5.4.0-6ubuntu1~16.04.10' --with-bugurl=file:///usr/share/doc/gcc-5/README.Bugs --enable-languages=c,ada,c++,java,go,d,fortran,objc,obj-c++ --prefix=/usr --program-suffix=-5 --enable-shared --enable-linker-build-id --libexecdir=/usr/lib --without-included-gettext --enable-threads=posix --libdir=/usr/lib --enable-nls --with-sysroot=/ --enable-clocale=gnu --enable-libstdcxx-debug --enable-libstdcxx-time=yes --with-default-libstdcxx-abi=new --enable-gnu-unique-object --disable-vtable-verify --enable-libmpx --enable-plugin --with-system-zlib --disable-browser-plugin --enable-java-awt=gtk --enable-gtk-cairo --with-java-home=/usr/lib/jvm/java-1.5.0-gcj-5-amd64/jre --enable-java-home --with-jvm-root-dir=/usr/lib/jvm/java-1.5.0-gcj-5-amd64 --with-jvm-jar-dir=/usr/lib/jvm-exports/java-1.5.0-gcj-5-amd64 --with-arch-directory=amd64 --with-ecj-jar=/usr/share/java/eclipse-ecj.jar --enable-objc-gc --enable-multiarch --disable-werror --with-arch-32=i686 --with-abi=m64 --with-multilib-list=m32,m64,mx32 --enable-multilib --with-tune=generic --enable-checking=release --build=x86_64-linux-gnu --host=x86_64-linux-gnu --target=x86_64-linux-gnu
Thread model: posix
gcc version 5.4.0 20160609 (Ubuntu 5.4.0-6ubuntu1~16.04.10) 
configure:12032: $? = 0
configure:12021: gcc -V >&5
gcc: error: unrecognized command line option '-V'
gcc: fatal error: no input files
compilation terminated.
configure:12032: $? = 1
configure:12021: gcc -qversion >&5
gcc: error: unrecognized command line option '-qversion'
gcc: fatal error: no input files
compilation terminated.
configure:12032: $? = 1
configure:12036: checking whether we are using the GNU C compiler
configure:12064: result: yes
configure:12073: checking whether gcc accepts -g
configure:12134: result: yes
configure:12151: checking for gcc option to accept ISO C89
configure:12228: result: none needed
configure:12250: checking dependency style of gcc
configure:12361: result: gcc3
configure:12377: checking whether gcc and cc understand -c and -o together
configure:12408: gcc -c conftest.c -o conftest2.o >&5
configure:12412: $? = 0
configure:12418: gcc -c conftest.c -o conftest2.o >&5
configure:12422: $? = 0
configure:12433: cc -c conftest.c >&5
configure:12437: $? = 0
configure:12445: cc -c conftest.c -o conftest2.o >&5
configure:12449: $? = 0
configure:12455: cc -c conftest.c -o conftest2.o >&5
configure:12459: $? = 0
configure:12477: result: yes
configure:12507: checking how to run the C preprocessor
configure:12577: result: gcc -E
configure:12597: gcc -E  conftest.c
configure:12597: $? = 0
configure:12611: gcc -E  conftest.c
conftest.c:23:28: fatal error: ac_nonexistent.h: No such file or directory
compilation terminated.
configure:12611: $? = 1
configure: failed program was:
| /* confdefs.h */
| #define PACKAGE_NAME "pbc"
| #define PACKAGE_TARNAME "pbc"
| #define PACKAGE_VERSION "0.5.14"
| #define PACKAGE_STRING "pbc 0.5.14"
| #define PACKAGE_BUGREPORT "blynn@cs.stanford.edu"
| #define PACKAGE_URL ""
| #define PACKAGE "pbc"
| #define VERSION "0.5.14"
| #define STDC_HEADERS 1
| #define HAVE_SYS_TYPES_H 1
| #define HAVE_SYS_STAT_H 1
| #define HAVE_STDLIB_H 1
| #define HAVE_STRING_H 1
| #define HAVE_MEMORY_H 1
| #define HAVE_STRINGS_H 1
| #define HAVE_INTTYPES_H 1
| #define HAVE_STDINT_H 1
| #define HAVE_UNISTD_H 1
| #define HAVE_DLFCN_H 1
| #define LT_OBJDIR ".libs/"
| /* end confdefs.h.  */
| #include <ac_nonexistent.h>
configure:12640: checking whether ln -s works
configure:12644: result: yes
configure:12651: checking whether make sets $(MAKE)
configure:12673: result: yes
configure:12687: checking for flex
configure:12703: found /usr/bin/flex
configure:12714: result: flex
configure:12751: flex conftest.l
configure:12755: $? = 0
configure:12757: checking lex output file root
configure:12771: result: lex.yy
configure:12776: checking lex library
configure:12790: gcc -o conftest    conftest.c   >&5
/tmp/ccEP8lB3.o: In function `yylex':
conftest.c:(.text+0x6f8): undefined reference to `yywrap'
/tmp/ccEP8lB3.o: In function `input':
conftest.c:(.text+0x11bf): undefined reference to `yywrap'
/tmp/ccEP8lB3.o: In function `main':
conftest.c:(.text+0x1e8d): undefined reference to `yywrap'
collect2: error: ld returned 1 exit status
configure:12790: $? = 1
configure: failed program was:
| /* confdefs.h */
| #define PACKAGE_NAME "pbc"
| #define PACKAGE_TARNAME "pbc"
| #define PACKAGE_VERSION "0.5.14"
| #define PACKAGE_STRING "pbc 0.5.14"
| #define PACKAGE_BUGREPORT "blynn@cs.stanford.edu"
| #define PACKAGE_URL ""
| #define PACKAGE "pbc"
| #define VERSION "0.5.14"
| #define STDC_HEADERS 1
| #define HAVE_SYS_TYPES_H 1
| #define HAVE_SYS_STAT_H 1
| #define HAVE_STDLIB_H 1
| #define HAVE_STRING_H 1
| #define HAVE_MEMORY_H 1
| #define HAVE_STRINGS_H 1
| #define HAVE_INTTYPES_H 1
| #define HAVE_STDINT_H 1
| #define HAVE_UNISTD_H 1
| #define HAVE_DLFCN_H 1
| #define LT_OBJDIR ".libs/"
| /* end confdefs.h.  */
| 
| #line 3 "lex.yy.c"
| 
| #define  YY_INT_ALIGNED short int
| 
| /* A lexical scanner generated by flex */
| 
| #define FLEX_SCANNER
| #define YY_FLEX_MAJOR_VERSION 2
| #define YY_FLEX_MINOR_VERSION 6
| #define YY_FLEX_SUBMINOR_VERSION 0
| #if YY_FLEX_SUBMINOR_VERSION > 0
| #define FLEX_BETA
| #endif
| 
| /* First, we deal with  platform-specific or compiler-specific issues. */
| 
| /* begin standard C headers. */
| #include <stdio.h>
| #include <string.h>
| #include <errno.h>
| #include <stdlib.h>
| 
| /* end standard C headers. */
| 
| /* flex integer type definitions */
| 
| #ifndef FLEXINT_H
| #define FLEXINT_H
| 
| /* C99 systems have <inttypes.h>. Non-C99 systems may or may not. */
| 
| #if defined (__STDC_VERSION__) && __STDC_VERSION__ >= 199901L
| 
| /* C99 says to define __STDC_LIMIT_MACROS before including stdint.h,
|  * if you want the limit (max/min) macros for int types. 
|  */
| #ifndef __STDC_LIMIT_MACROS
| #define __STDC_LIMIT_MACROS 1
| #endif
| 
| #include <inttypes.h>
| typedef int8_t flex_int8_t;
| typedef uint8_t flex_uint8_t;
| typedef int16_t flex_int16_t;
| typedef uint16_t flex_uint16_t;
| typedef int32_t flex_int32_t;
| typedef uint32_t flex_uint32_t;
| #else
| typedef signed char flex_int8_t;
| typedef short int flex_int16_t;
| typedef int flex_int32_t;
| typedef unsigned char flex_uint8_t; 
| typedef unsigned short int flex_uint16_t;
| typedef unsigned int flex_uint32_t;
| 
| /* Limits of integral types. */
| #ifndef INT8_MIN
| #define INT8_MIN               (-128)
| #endif
| #ifndef INT16_MIN
| #define INT16_MIN              (-32767-1)
| #endif
| #ifndef INT32_MIN
| #define INT32_MIN              (-2147483647-1)
| #endif
| #ifndef INT8_MAX
| #define INT8_MAX               (127)
| #endif
| #ifndef INT16_MAX
| #define INT16_MAX              (32767)
| #endif
| #ifndef INT32_MAX
| #define INT32_MAX              (2147483647)
| #endif
| #ifndef UINT8_MAX
| #define UINT8_MAX              (255U)
| #endif
| #ifndef UINT16_MAX
| #define UINT16_MAX             (65535U)
| #endif
| #ifndef UINT32_MAX
| #define UINT32_MAX             (4294967295U)
| #endif
| 
| #endif /* ! C99 */
| 
| #endif /* ! FLEXINT_H */
| 
| #ifdef __cplusplus
| 
| /* The "const" storage-class-modifier is valid. */
| #define YY_USE_CONST
| 
| #else	/* ! __cplusplus */
| 
| /* C99 requires __STDC__ to be defined as 1. */
| #if defined (__STDC__)
| 
| #define YY_USE_CONST
| 
| #endif	/* defined (__STDC__) */
| #endif	/* ! __cplusplus */
| 
| #ifdef YY_USE_CONST
| #define yyconst const
| #else
| #define yyconst
| #endif
| 
| /* Returned upon end-of-file. */
| #define YY_NULL 0
| 
| /* Promotes a possibly negative, possibly signed char to an unsigned
|  * integer for use as an array index.  If the signed char is negative,
|  * we want to instead treat it as an 8-bit unsigned char, hence the
|  * double cast.
|  */
| #define YY_SC_TO_UI(c) ((unsigned int) (unsigned char) c)
| 
| /* Enter a start condition.  This macro really ought to take a parameter,
|  * but we do it the disgusting crufty way forced on us by the ()-less
|  * definition of BEGIN.
|  */
| #define BEGIN (yy_start) = 1 + 2 *
| 
| /* Translate the current start state into a value that can be later handed
|  * to BEGIN to return to the state.  The YYSTATE alias is for lex
|  * compatibility.
|  */
| #define YY_START (((yy_start) - 1) / 2)
| #define YYSTATE YY_START
| 
| /* Action number for EOF rule of a given start state. */
| #define YY_STATE_EOF(state) (YY_END_OF_BUFFER + state + 1)
| 
| /* Special action meaning "start processing a new file". */
| #define YY_NEW_FILE yyrestart(yyin  )
| 
| #define YY_END_OF_BUFFER_CHAR 0
| 
| /* Size of default input buffer. */
| #ifndef YY_BUF_SIZE
| #ifdef __ia64__
| /* On IA-64, the buffer size is 16k, not 8k.
|  * Moreover, YY_BUF_SIZE is 2*YY_READ_BUF_SIZE in the general case.
|  * Ditto for the __ia64__ case accordingly.
|  */
| #define YY_BUF_SIZE 32768
| #else
| #define YY_BUF_SIZE 16384
| #endif /* __ia64__ */
| #endif
| 
| /* The state buf must be large enough to hold one state per character in the main buffer.
|  */
| #define YY_STATE_BUF_SIZE   ((YY_BUF_SIZE + 2) * sizeof(yy_state_type))
| 
| #ifndef YY_TYPEDEF_YY_BUFFER_STATE
| #define YY_TYPEDEF_YY_BUFFER_STATE
| typedef struct yy_buffer_state *YY_BUFFER_STATE;
| #endif
| 
| #ifndef YY_TYPEDEF_YY_SIZE_T
| #define YY_TYPEDEF_YY_SIZE_T
| typedef size_t yy_size_t;
| #endif
| 
| extern yy_size_t yyleng;
| 
| extern FILE *yyin, *yyout;
| 
| #define EOB_ACT_CONTINUE_SCAN 0
| #define EOB_ACT_END_OF_FILE 1
| #define EOB_ACT_LAST_MATCH 2
| 
|     #define YY_LESS_LINENO(n)
|     #define YY_LINENO_REWIND_TO(ptr)
|     
| /* Return all but the first "n" matched characters back to the input stream. */
| #define yyless(n) \
| 	do \
| 		{ \
| 		/* Undo effects of setting up yytext. */ \
|         int yyless_macro_arg = (n); \
|         YY_LESS_LINENO(yyless_macro_arg);\
| 		*yy_cp = (yy_hold_char); \
| 		YY_RESTORE_YY_MORE_OFFSET \
| 		(yy_c_buf_p) = yy_cp = yy_bp + yyless_macro_arg - YY_MORE_ADJ; \
| 		YY_DO_BEFORE_ACTION; /* set up yytext again */ \
| 		} \
| 	while ( 0 )
| 
| #define unput(c) yyunput( c, (yytext_ptr)  )
| 
| #ifndef YY_STRUCT_YY_BUFFER_STATE
| #define YY_STRUCT_YY_BUFFER_STATE
| struct yy_buffer_state
| 	{
| 	FILE *yy_input_file;
| 
| 	char *yy_ch_buf;		/* input buffer */
| 	char *yy_buf_pos;		/* current position in input buffer */
| 
| 	/* Size of input buffer in bytes, not including room for EOB
| 	 * characters.
| 	 */
| 	yy_size_t yy_buf_size;
| 
| 	/* Number of characters read into yy_ch_buf, not including EOB
| 	 * characters.
| 	 */
| 	int yy_n_chars;
| 
| 	/* Whether we "own" the buffer - i.e., we know we created it,
| 	 * and can realloc() it to grow it, and should free() it to
| 	 * delete it.
| 	 */
| 	int yy_is_our_buffer;
| 
| 	/* Whether this is an "interactive" input source; if so, and
| 	 * if we're using stdio for input, then we want to use getc()
| 	 * instead of fread(), to make sure we stop fetching input after
| 	 * each newline.
| 	 */
| 	int yy_is_interactive;
| 
| 	/* Whether we're considered to be at the beginning of a line.
| 	 * If so, '^' rules will be active on the next match, otherwise
| 	 * not.
| 	 */
| 	int yy_at_bol;
| 
|     int yy_bs_lineno; /**< The line count. */
|     int yy_bs_column; /**< The column count. */
|     
| 	/* Whether to try to fill the input buffer when we reach the
| 	 * end of it.
| 	 */
| 	int yy_fill_buffer;
| 
| 	int yy_buffer_status;
| 
| #define YY_BUFFER_NEW 0
| #define YY_BUFFER_NORMAL 1
| 	/* When an EOF's been seen but there's still some text to process
| 	 * then we mark the buffer as YY_EOF_PENDING, to indicate that we
| 	 * shouldn't try reading from the input source any more.  We might
| 	 * still have a bunch of tokens to match, though, because of
| 	 * possible backing-up.
| 	 *
| 	 * When we actually see the EOF, we change the status to "new"
| 	 * (via yyrestart()), so that the user can continue scanning by
| 	 * just pointing yyin at a new input file.
| 	 */
| #define YY_BUFFER_EOF_PENDING 2
| 
| 	};
| #endif /* !YY_STRUCT_YY_BUFFER_STATE */
| 
| /* Stack of input buffers. */
| static size_t yy_buffer_stack_top = 0; /**< index of top of stack. */
| static size_t yy_buffer_stack_max = 0; /**< capacity of stack. */
| static YY_BUFFER_STATE * yy_buffer_stack = 0; /**< Stack as an array. */
| 
| /* We provide macros for accessing buffer states in case in the
|  * future we want to put the buffer states in a more general
|  * "scanner state".
|  *
|  * Returns the top of the stack, or NULL.
|  */
| #define YY_CURRENT_BUFFER ( (yy_buffer_stack) \
|                           ? (yy_buffer_stack)[(yy_buffer_stack_top)] \
|                           : NULL)
| 
| /* Same as previous macro, but useful when we know that the buffer stack is not
|  * NULL or when we need an lvalue. For internal use only.
|  */
| #define YY_CURRENT_BUFFER_LVALUE (yy_buffer_stack)[(yy_buffer_stack_top)]
| 
| /* yy_hold_char holds the character lost when yytext is formed. */
| static char yy_hold_char;
| static int yy_n_chars;		/* number of characters read into yy_ch_buf */
| yy_size_t yyleng;
| 
| /* Points to current character in buffer. */
| static char *yy_c_buf_p = (char *) 0;
| static int yy_init = 0;		/* whether we need to initialize */
| static int yy_start = 0;	/* start state number */
| 
| /* Flag which is used to allow yywrap()'s to do buffer switches
|  * instead of setting up a fresh yyin.  A bit of a hack ...
|  */
| static int yy_did_buffer_switch_on_eof;
| 
| void yyrestart (FILE *input_file  );
| void yy_switch_to_buffer (YY_BUFFER_STATE new_buffer  );
| YY_BUFFER_STATE yy_create_buffer (FILE *file,int size  );
| void yy_delete_buffer (YY_BUFFER_STATE b  );
| void yy_flush_buffer (YY_BUFFER_STATE b  );
| void yypush_buffer_state (YY_BUFFER_STATE new_buffer  );
| void yypop_buffer_state (void );
| 
| static void yyensure_buffer_stack (void );
| static void yy_load_buffer_state (void );
| static void yy_init_buffer (YY_BUFFER_STATE b,FILE *file  );
| 
| #define YY_FLUSH_BUFFER yy_flush_buffer(YY_CURRENT_BUFFER )
| 
| YY_BUFFER_STATE yy_scan_buffer (char *base,yy_size_t size  );
| YY_BUFFER_STATE yy_scan_string (yyconst char *yy_str  );
| YY_BUFFER_STATE yy_scan_bytes (yyconst char *bytes,yy_size_t len  );
| 
| void *yyalloc (yy_size_t  );
| void *yyrealloc (void *,yy_size_t  );
| void yyfree (void *  );
| 
| #define yy_new_buffer yy_create_buffer
| 
| #define yy_set_interactive(is_interactive) \
| 	{ \
| 	if ( ! YY_CURRENT_BUFFER ){ \
|         yyensure_buffer_stack (); \
| 		YY_CURRENT_BUFFER_LVALUE =    \
|             yy_create_buffer(yyin,YY_BUF_SIZE ); \
| 	} \
| 	YY_CURRENT_BUFFER_LVALUE->yy_is_interactive = is_interactive; \
| 	}
| 
| #define yy_set_bol(at_bol) \
| 	{ \
| 	if ( ! YY_CURRENT_BUFFER ){\
|         yyensure_buffer_stack (); \
| 		YY_CURRENT_BUFFER_LVALUE =    \
|             yy_create_buffer(yyin,YY_BUF_SIZE ); \
| 	} \
| 	YY_CURRENT_BUFFER_LVALUE->yy_at_bol = at_bol; \
| 	}
| 
| #define YY_AT_BOL() (YY_CURRENT_BUFFER_LVALUE->yy_at_bol)
| 
| /* Begin user sect3 */
| 
| typedef unsigned char YY_CHAR;
| 
| FILE *yyin = (FILE *) 0, *yyout = (FILE *) 0;
| 
| typedef int yy_state_type;
| 
| extern int yylineno;
| 
| int yylineno = 1;
| 
| extern char *yytext;
| #ifdef yytext_ptr
| #undef yytext_ptr
| #endif
| #define yytext_ptr yytext
| 
| static yy_state_type yy_get_previous_state (void );
| static yy_state_type yy_try_NUL_trans (yy_state_type current_state  );
| static int yy_get_next_buffer (void );
| #if defined(__GNUC__) && __GNUC__ >= 3
| __attribute__((__noreturn__))
| #endif
| static void yy_fatal_error (yyconst char msg[]  );
| 
| /* Done after the current pattern has been matched and before the
|  * corresponding action - sets up yytext.
|  */
| #define YY_DO_BEFORE_ACTION \
| 	(yytext_ptr) = yy_bp; \
| 	(yytext_ptr) -= (yy_more_len); \
| 	yyleng = (size_t) (yy_cp - (yytext_ptr)); \
| 	(yy_hold_char) = *yy_cp; \
| 	*yy_cp = '\0'; \
| 	(yy_c_buf_p) = yy_cp;
| 
| #define YY_NUM_RULES 8
| #define YY_END_OF_BUFFER 9
| /* This struct is not used in this scanner,
|    but its presence is necessary. */
| struct yy_trans_info
| 	{
| 	flex_int32_t yy_verify;
| 	flex_int32_t yy_nxt;
| 	};
| static yyconst flex_int16_t yy_acclist[23] =
|     {   0,
|         9,    7,    8,    8,    1,    7,    8,    2,    7,    8,
|         3,    7,    8,    4,    7,    8,    5,    7,    8,    6,
|         7,    8
|     } ;
| 
| static yyconst flex_int16_t yy_accept[14] =
|     {   0,
|         1,    1,    1,    2,    4,    5,    8,   11,   14,   17,
|        20,   23,   23
|     } ;
| 
| static yyconst YY_CHAR yy_ec[256] =
|     {   0,
|         1,    1,    1,    1,    1,    1,    1,    1,    1,    2,
|         1,    1,    1,    1,    1,    1,    1,    1,    1,    1,
|         1,    1,    1,    1,    1,    1,    1,    1,    1,    1,
|         1,    1,    1,    1,    1,    1,    1,    1,    1,    1,
|         1,    1,    1,    1,    1,    1,    1,    1,    1,    1,
|         1,    1,    1,    1,    1,    1,    1,    1,    1,    1,
|         1,    1,    1,    1,    1,    1,    1,    1,    1,    1,
|         1,    1,    1,    1,    1,    1,    1,    1,    1,    1,
|         1,    1,    1,    1,    1,    1,    1,    1,    1,    1,
|         1,    1,    1,    1,    1,    1,    3,    4,    5,    6,
| 
|         7,    8,    1,    1,    1,    1,    1,    1,    1,    1,
|         1,    1,    1,    1,    1,    1,    1,    1,    1,    1,
|         1,    1,    1,    1,    1,    1,    1,    1,    1,    1,
|         1,    1,    1,    1,    1,    1,    1,    1,    1,    1,
|         1,    1,    1,    1,    1,    1,    1,    1,    1,    1,
|         1,    1,    1,    1,    1,    1,    1,    1,    1,    1,
|         1,    1,    1,    1,    1,    1,    1,    1,    1,    1,
|         1,    1,    1,    1,    1,    1,    1,    1,    1,    1,
|         1,    1,    1,    1,    1,    1,    1,    1,    1,    1,
|         1,    1,    1,    1,    1,    1,    1,    1,    1,    1,
| 
|         1,    1,    1,    1,    1,    1,    1,    1,    1,    1,
|         1,    1,    1,    1,    1,    1,    1,    1,    1,    1,
|         1,    1,    1,    1,    1,    1,    1,    1,    1,    1,
|         1,    1,    1,    1,    1,    1,    1,    1,    1,    1,
|         1,    1,    1,    1,    1,    1,    1,    1,    1,    1,
|         1,    1,    1,    1,    1
|     } ;
| 
| static yyconst YY_CHAR yy_meta[9] =
|     {   0,
|         1,    1,    1,    1,    1,    1,    1,    1
|     } ;
| 
| static yyconst flex_uint16_t yy_base[13] =
|     {   0,
|         0,    0,    9,   10,   10,   10,   10,   10,   10,   10,
|        10,   10
|     } ;
| 
| static yyconst flex_int16_t yy_def[13] =
|     {   0,
|        12,    1,   12,   12,   12,   12,   12,   12,   12,   12,
|        12,    0
|     } ;
| 
| static yyconst flex_uint16_t yy_nxt[19] =
|     {   0,
|         4,    5,    6,    7,    8,    9,   10,   11,   12,    3,
|        12,   12,   12,   12,   12,   12,   12,   12
|     } ;
| 
| static yyconst flex_int16_t yy_chk[19] =
|     {   0,
|         1,    1,    1,    1,    1,    1,    1,    1,    3,   12,
|        12,   12,   12,   12,   12,   12,   12,   12
|     } ;
| 
| extern int yy_flex_debug;
| int yy_flex_debug = 0;
| 
| static yy_state_type *yy_state_buf=0, *yy_state_ptr=0;
| static char *yy_full_match;
| static int yy_lp;
| #define REJECT \
| { \
| *yy_cp = (yy_hold_char); /* undo effects of setting up yytext */ \
| yy_cp = (yy_full_match); /* restore poss. backed-over text */ \
| ++(yy_lp); \
| goto find_rule; \
| }
| 
| static int yy_more_flag = 0;
| static int yy_more_len = 0;
| #define yymore() ((yy_more_flag) = 1)
| #define YY_MORE_ADJ (yy_more_len)
| #define YY_RESTORE_YY_MORE_OFFSET
| char *yytext;
| #line 1 "conftest.l"
| #line 484 "lex.yy.c"
| 
| #define INITIAL 0
| 
| #ifndef YY_NO_UNISTD_H
| /* Special case for "unistd.h", since it is non-ANSI. We include it way
|  * down here because we want the user's section 1 to have been scanned first.
|  * The user has a chance to override it with an option.
|  */
| #include <unistd.h>
| #endif
| 
| #ifndef YY_EXTRA_TYPE
| #define YY_EXTRA_TYPE void *
| #endif
| 
| static int yy_init_globals (void );
| 
| /* Accessor methods to globals.
|    These are made visible to non-reentrant scanners for convenience. */
| 
| int yylex_destroy (void );
| 
| int yyget_debug (void );
| 
| void yyset_debug (int debug_flag  );
| 
| YY_EXTRA_TYPE yyget_extra (void );
| 
| void yyset_extra (YY_EXTRA_TYPE user_defined  );
| 
| FILE *yyget_in (void );
| 
| void yyset_in  (FILE * _in_str  );
| 
| FILE *yyget_out (void );
| 
| void yyset_out  (FILE * _out_str  );
| 
| yy_size_t yyget_leng (void );
| 
| char *yyget_text (void );
| 
| int yyget_lineno (void );
| 
| void yyset_lineno (int _line_number  );
| 
| /* Macros after this point can all be overridden by user definitions in
|  * section 1.
|  */
| 
| #ifndef YY_SKIP_YYWRAP
| #ifdef __cplusplus
| extern "C" int yywrap (void );
| #else
| extern int yywrap (void );
| #endif
| #endif
| 
| #ifndef YY_NO_UNPUT
|     
|     static void yyunput (int c,char *buf_ptr  );
|     
| #endif
| 
| #ifndef yytext_ptr
| static void yy_flex_strncpy (char *,yyconst char *,int );
| #endif
| 
| #ifdef YY_NEED_STRLEN
| static int yy_flex_strlen (yyconst char * );
| #endif
| 
| #ifndef YY_NO_INPUT
| 
| #ifdef __cplusplus
| static int yyinput (void );
| #else
| static int input (void );
| #endif
| 
| #endif
| 
| /* Amount of stuff to slurp up with each read. */
| #ifndef YY_READ_BUF_SIZE
| #ifdef __ia64__
| /* On IA-64, the buffer size is 16k, not 8k */
| #define YY_READ_BUF_SIZE 16384
| #else
| #define YY_READ_BUF_SIZE 8192
| #endif /* __ia64__ */
| #endif
| 
| /* Copy whatever the last rule matched to the standard output. */
| #ifndef ECHO
| /* This used to be an fputs(), but since the string might contain NUL's,
|  * we now use fwrite().
|  */
| #define ECHO do { if (fwrite( yytext, yyleng, 1, yyout )) {} } while (0)
| #endif
| 
| /* Gets input and stuffs it into "buf".  number of characters read, or YY_NULL,
|  * is returned in "result".
|  */
| #ifndef YY_INPUT
| #define YY_INPUT(buf,result,max_size) \
| 	if ( YY_CURRENT_BUFFER_LVALUE->yy_is_interactive ) \
| 		{ \
| 		int c = '*'; \
| 		size_t n; \
| 		for ( n = 0; n < max_size && \
| 			     (c = getc( yyin )) != EOF && c != '\n'; ++n ) \
| 			buf[n] = (char) c; \
| 		if ( c == '\n' ) \
| 			buf[n++] = (char) c; \
| 		if ( c == EOF && ferror( yyin ) ) \
| 			YY_FATAL_ERROR( "input in flex scanner failed" ); \
| 		result = n; \
| 		} \
| 	else \
| 		{ \
| 		errno=0; \
| 		while ( (result = fread(buf, 1, max_size, yyin))==0 && ferror(yyin)) \
| 			{ \
| 			if( errno != EINTR) \
| 				{ \
| 				YY_FATAL_ERROR( "input in flex scanner failed" ); \
| 				break; \
| 				} \
| 			errno=0; \
| 			clearerr(yyin); \
| 			} \
| 		}\
| \
| 
| #endif
| 
| /* No semi-colon after return; correct usage is to write "yyterminate();" -
|  * we don't want an extra ';' after the "return" because that will cause
|  * some compilers to complain about unreachable statements.
|  */
| #ifndef yyterminate
| #define yyterminate() return YY_NULL
| #endif
| 
| /* Number of entries by which start-condition stack grows. */
| #ifndef YY_START_STACK_INCR
| #define YY_START_STACK_INCR 25
| #endif
| 
| /* Report a fatal error. */
| #ifndef YY_FATAL_ERROR
| #define YY_FATAL_ERROR(msg) yy_fatal_error( msg )
| #endif
| 
| /* end tables serialization structures and prototypes */
| 
| /* Default declaration of generated scanner - a define so the user can
|  * easily add parameters.
|  */
| #ifndef YY_DECL
| #define YY_DECL_IS_OURS 1
| 
| extern int yylex (void);
| 
| #define YY_DECL int yylex (void)
| #endif /* !YY_DECL */
| 
| /* Code executed at the beginning of each rule, after yytext and yyleng
|  * have been set up.
|  */
| #ifndef YY_USER_ACTION
| #define YY_USER_ACTION
| #endif
| 
| /* Code executed at the end of each rule. */
| #ifndef YY_BREAK
| #define YY_BREAK /*LINTED*/break;
| #endif
| 
| #define YY_RULE_SETUP \
| 	YY_USER_ACTION
| 
| /** The main scanner function which does all the work.
|  */
| YY_DECL
| {
| 	yy_state_type yy_current_state;
| 	char *yy_cp, *yy_bp;
| 	int yy_act;
|     
| 	if ( !(yy_init) )
| 		{
| 		(yy_init) = 1;
| 
| #ifdef YY_USER_INIT
| 		YY_USER_INIT;
| #endif
| 
|         /* Create the reject buffer large enough to save one state per allowed character. */
|         if ( ! (yy_state_buf) )
|             (yy_state_buf) = (yy_state_type *)yyalloc(YY_STATE_BUF_SIZE  );
|             if ( ! (yy_state_buf) )
|                 YY_FATAL_ERROR( "out of dynamic memory in yylex()" );
| 
| 		if ( ! (yy_start) )
| 			(yy_start) = 1;	/* first start state */
| 
| 		if ( ! yyin )
| 			yyin = stdin;
| 
| 		if ( ! yyout )
| 			yyout = stdout;
| 
| 		if ( ! YY_CURRENT_BUFFER ) {
| 			yyensure_buffer_stack ();
| 			YY_CURRENT_BUFFER_LVALUE =
| 				yy_create_buffer(yyin,YY_BUF_SIZE );
| 		}
| 
| 		yy_load_buffer_state( );
| 		}
| 
| 	{
| #line 1 "conftest.l"
| 
| #line 710 "lex.yy.c"
| 
| 	while ( /*CONSTCOND*/1 )		/* loops until end-of-file is reached */
| 		{
| 		(yy_more_len) = 0;
| 		if ( (yy_more_flag) )
| 			{
| 			(yy_more_len) = (yy_c_buf_p) - (yytext_ptr);
| 			(yy_more_flag) = 0;
| 			}
| 		yy_cp = (yy_c_buf_p);
| 
| 		/* Support of yytext. */
| 		*yy_cp = (yy_hold_char);
| 
| 		/* yy_bp points to the position in yy_ch_buf of the start of
| 		 * the current run.
| 		 */
| 		yy_bp = yy_cp;
| 
| 		yy_current_state = (yy_start);
| 
| 		(yy_state_ptr) = (yy_state_buf);
| 		*(yy_state_ptr)++ = yy_current_state;
| 
| yy_match:
| 		do
| 			{
| 			YY_CHAR yy_c = yy_ec[YY_SC_TO_UI(*yy_cp)] ;
| 			while ( yy_chk[yy_base[yy_current_state] + yy_c] != yy_current_state )
| 				{
| 				yy_current_state = (int) yy_def[yy_current_state];
| 				if ( yy_current_state >= 13 )
| 					yy_c = yy_meta[(unsigned int) yy_c];
| 				}
| 			yy_current_state = yy_nxt[yy_base[yy_current_state] + (unsigned int) yy_c];
| 			*(yy_state_ptr)++ = yy_current_state;
| 			++yy_cp;
| 			}
| 		while ( yy_base[yy_current_state] != 10 );
| 
| yy_find_action:
| 		yy_current_state = *--(yy_state_ptr);
| 		(yy_lp) = yy_accept[yy_current_state];
| find_rule: /* we branch to this label when backing up */
| 		for ( ; ; ) /* until we find what rule we matched */
| 			{
| 			if ( (yy_lp) && (yy_lp) < yy_accept[yy_current_state + 1] )
| 				{
| 				yy_act = yy_acclist[(yy_lp)];
| 					{
| 					(yy_full_match) = yy_cp;
| 					break;
| 					}
| 				}
| 			--yy_cp;
| 			yy_current_state = *--(yy_state_ptr);
| 			(yy_lp) = yy_accept[yy_current_state];
| 			}
| 
| 		YY_DO_BEFORE_ACTION;
| 
| do_action:	/* This label is used only to access EOF actions. */
| 
| 		switch ( yy_act )
| 	{ /* beginning of action switch */
| case 1:
| YY_RULE_SETUP
| #line 2 "conftest.l"
| { ECHO; }
| 	YY_BREAK
| case 2:
| YY_RULE_SETUP
| #line 3 "conftest.l"
| { REJECT; }
| 	YY_BREAK
| case 3:
| YY_RULE_SETUP
| #line 4 "conftest.l"
| { yymore (); }
| 	YY_BREAK
| case 4:
| YY_RULE_SETUP
| #line 5 "conftest.l"
| { yyless (1); }
| 	YY_BREAK
| case 5:
| YY_RULE_SETUP
| #line 6 "conftest.l"
| { yyless (input () != 0); }
| 	YY_BREAK
| case 6:
| YY_RULE_SETUP
| #line 7 "conftest.l"
| { unput (yytext[0]); }
| 	YY_BREAK
| case 7:
| YY_RULE_SETUP
| #line 8 "conftest.l"
| { BEGIN INITIAL; }
| 	YY_BREAK
| case 8:
| YY_RULE_SETUP
| #line 9 "conftest.l"
| ECHO;
| 	YY_BREAK
| #line 816 "lex.yy.c"
| 			case YY_STATE_EOF(INITIAL):
| 				yyterminate();
| 
| 	case YY_END_OF_BUFFER:
| 		{
| 		/* Amount of text matched not including the EOB char. */
| 		int yy_amount_of_matched_text = (int) (yy_cp - (yytext_ptr)) - 1;
| 
| 		/* Undo the effects of YY_DO_BEFORE_ACTION. */
| 		*yy_cp = (yy_hold_char);
| 		YY_RESTORE_YY_MORE_OFFSET
| 
| 		if ( YY_CURRENT_BUFFER_LVALUE->yy_buffer_status == YY_BUFFER_NEW )
| 			{
| 			/* We're scanning a new file or input source.  It's
| 			 * possible that this happened because the user
| 			 * just pointed yyin at a new source and called
| 			 * yylex().  If so, then we have to assure
| 			 * consistency between YY_CURRENT_BUFFER and our
| 			 * globals.  Here is the right place to do so, because
| 			 * this is the first action (other than possibly a
| 			 * back-up) that will match for the new input source.
| 			 */
| 			(yy_n_chars) = YY_CURRENT_BUFFER_LVALUE->yy_n_chars;
| 			YY_CURRENT_BUFFER_LVALUE->yy_input_file = yyin;
| 			YY_CURRENT_BUFFER_LVALUE->yy_buffer_status = YY_BUFFER_NORMAL;
| 			}
| 
| 		/* Note that here we test for yy_c_buf_p "<=" to the position
| 		 * of the first EOB in the buffer, since yy_c_buf_p will
| 		 * already have been incremented past the NUL character
| 		 * (since all states make transitions on EOB to the
| 		 * end-of-buffer state).  Contrast this with the test
| 		 * in input().
| 		 */
| 		if ( (yy_c_buf_p) <= &YY_CURRENT_BUFFER_LVALUE->yy_ch_buf[(yy_n_chars)] )
| 			{ /* This was really a NUL. */
| 			yy_state_type yy_next_state;
| 
| 			(yy_c_buf_p) = (yytext_ptr) + yy_amount_of_matched_text;
| 
| 			yy_current_state = yy_get_previous_state(  );
| 
| 			/* Okay, we're now positioned to make the NUL
| 			 * transition.  We couldn't have
| 			 * yy_get_previous_state() go ahead and do it
| 			 * for us because it doesn't know how to deal
| 			 * with the possibility of jamming (and we don't
| 			 * want to build jamming into it because then it
| 			 * will run more slowly).
| 			 */
| 
| 			yy_next_state = yy_try_NUL_trans( yy_current_state );
| 
| 			yy_bp = (yytext_ptr) + YY_MORE_ADJ;
| 
| 			if ( yy_next_state )
| 				{
| 				/* Consume the NUL. */
| 				yy_cp = ++(yy_c_buf_p);
| 				yy_current_state = yy_next_state;
| 				goto yy_match;
| 				}
| 
| 			else
| 				{
| 				yy_cp = (yy_c_buf_p);
| 				goto yy_find_action;
| 				}
| 			}
| 
| 		else switch ( yy_get_next_buffer(  ) )
| 			{
| 			case EOB_ACT_END_OF_FILE:
| 				{
| 				(yy_did_buffer_switch_on_eof) = 0;
| 
| 				if ( yywrap( ) )
| 					{
| 					/* Note: because we've taken care in
| 					 * yy_get_next_buffer() to have set up
| 					 * yytext, we can now set up
| 					 * yy_c_buf_p so that if some total
| 					 * hoser (like flex itself) wants to
| 					 * call the scanner after we return the
| 					 * YY_NULL, it'll still work - another
| 					 * YY_NULL will get returned.
| 					 */
| 					(yy_c_buf_p) = (yytext_ptr) + YY_MORE_ADJ;
| 
| 					yy_act = YY_STATE_EOF(YY_START);
| 					goto do_action;
| 					}
| 
| 				else
| 					{
| 					if ( ! (yy_did_buffer_switch_on_eof) )
| 						YY_NEW_FILE;
| 					}
| 				break;
| 				}
| 
| 			case EOB_ACT_CONTINUE_SCAN:
| 				(yy_c_buf_p) =
| 					(yytext_ptr) + yy_amount_of_matched_text;
| 
| 				yy_current_state = yy_get_previous_state(  );
| 
| 				yy_cp = (yy_c_buf_p);
| 				yy_bp = (yytext_ptr) + YY_MORE_ADJ;
| 				goto yy_match;
| 
| 			case EOB_ACT_LAST_MATCH:
| 				(yy_c_buf_p) =
| 				&YY_CURRENT_BUFFER_LVALUE->yy_ch_buf[(yy_n_chars)];
| 
| 				yy_current_state = yy_get_previous_state(  );
| 
| 				yy_cp = (yy_c_buf_p);
| 				yy_bp = (yytext_ptr) + YY_MORE_ADJ;
| 				goto yy_find_action;
| 			}
| 		break;
| 		}
| 
| 	default:
| 		YY_FATAL_ERROR(
| 			"fatal flex scanner internal error--no action found" );
| 	} /* end of action switch */
| 		} /* end of scanning one token */
| 	} /* end of user's declarations */
| } /* end of yylex */
| 
| /* yy_get_next_buffer - try to read in a new buffer
|  *
|  * Returns a code representing an action:
|  *	EOB_ACT_LAST_MATCH -
|  *	EOB_ACT_CONTINUE_SCAN - continue scanning from current position
|  *	EOB_ACT_END_OF_FILE - end of file
|  */
| static int yy_get_next_buffer (void)
| {
|     	char *dest = YY_CURRENT_BUFFER_LVALUE->yy_ch_buf;
| 	char *source = (yytext_ptr);
| 	yy_size_t number_to_move, i;
| 	int ret_val;
| 
| 	if ( (yy_c_buf_p) > &YY_CURRENT_BUFFER_LVALUE->yy_ch_buf[(yy_n_chars) + 1] )
| 		YY_FATAL_ERROR(
| 		"fatal flex scanner internal error--end of buffer missed" );
| 
| 	if ( YY_CURRENT_BUFFER_LVALUE->yy_fill_buffer == 0 )
| 		{ /* Don't try to fill the buffer, so this is an EOF. */
| 		if ( (yy_c_buf_p) - (yytext_ptr) - YY_MORE_ADJ == 1 )
| 			{
| 			/* We matched a single character, the EOB, so
| 			 * treat this as a final EOF.
| 			 */
| 			return EOB_ACT_END_OF_FILE;
| 			}
| 
| 		else
| 			{
| 			/* We matched some text prior to the EOB, first
| 			 * process it.
| 			 */
| 			return EOB_ACT_LAST_MATCH;
| 			}
| 		}
| 
| 	/* Try to read more data. */
| 
| 	/* First move last chars to start of buffer. */
| 	number_to_move = (yy_size_t) ((yy_c_buf_p) - (yytext_ptr)) - 1;
| 
| 	for ( i = 0; i < number_to_move; ++i )
| 		*(dest++) = *(source++);
| 
| 	if ( YY_CURRENT_BUFFER_LVALUE->yy_buffer_status == YY_BUFFER_EOF_PENDING )
| 		/* don't do the read, it's not guaranteed to return an EOF,
| 		 * just force an EOF
| 		 */
| 		YY_CURRENT_BUFFER_LVALUE->yy_n_chars = (yy_n_chars) = 0;
| 
| 	else
| 		{
| 			yy_size_t num_to_read =
| 			YY_CURRENT_BUFFER_LVALUE->yy_buf_size - number_to_move - 1;
| 
| 		while ( num_to_read <= 0 )
| 			{ /* Not enough room in the buffer - grow it. */
| 
| 			YY_FATAL_ERROR(
| "input buffer overflow, can't enlarge buffer because scanner uses REJECT" );
| 
| 			}
| 
| 		if ( num_to_read > YY_READ_BUF_SIZE )
| 			num_to_read = YY_READ_BUF_SIZE;
| 
| 		/* Read in more data. */
| 		YY_INPUT( (&YY_CURRENT_BUFFER_LVALUE->yy_ch_buf[number_to_move]),
| 			(yy_n_chars), num_to_read );
| 
| 		YY_CURRENT_BUFFER_LVALUE->yy_n_chars = (yy_n_chars);
| 		}
| 
| 	if ( (yy_n_chars) == 0 )
| 		{
| 		if ( number_to_move == YY_MORE_ADJ )
| 			{
| 			ret_val = EOB_ACT_END_OF_FILE;
| 			yyrestart(yyin  );
| 			}
| 
| 		else
| 			{
| 			ret_val = EOB_ACT_LAST_MATCH;
| 			YY_CURRENT_BUFFER_LVALUE->yy_buffer_status =
| 				YY_BUFFER_EOF_PENDING;
| 			}
| 		}
| 
| 	else
| 		ret_val = EOB_ACT_CONTINUE_SCAN;
| 
| 	if ((int) ((yy_n_chars) + number_to_move) > YY_CURRENT_BUFFER_LVALUE->yy_buf_size) {
| 		/* Extend the array by 50%, plus the number we really need. */
| 		int new_size = (yy_n_chars) + number_to_move + ((yy_n_chars) >> 1);
| 		YY_CURRENT_BUFFER_LVALUE->yy_ch_buf = (char *) yyrealloc((void *) YY_CURRENT_BUFFER_LVALUE->yy_ch_buf,new_size  );
| 		if ( ! YY_CURRENT_BUFFER_LVALUE->yy_ch_buf )
| 			YY_FATAL_ERROR( "out of dynamic memory in yy_get_next_buffer()" );
| 	}
| 
| 	(yy_n_chars) += number_to_move;
| 	YY_CURRENT_BUFFER_LVALUE->yy_ch_buf[(yy_n_chars)] = YY_END_OF_BUFFER_CHAR;
| 	YY_CURRENT_BUFFER_LVALUE->yy_ch_buf[(yy_n_chars) + 1] = YY_END_OF_BUFFER_CHAR;
| 
| 	(yytext_ptr) = &YY_CURRENT_BUFFER_LVALUE->yy_ch_buf[0];
| 
| 	return ret_val;
| }
| 
| /* yy_get_previous_state - get the state just before the EOB char was reached */
| 
|     static yy_state_type yy_get_previous_state (void)
| {
| 	yy_state_type yy_current_state;
| 	char *yy_cp;
|     
| 	yy_current_state = (yy_start);
| 
| 	(yy_state_ptr) = (yy_state_buf);
| 	*(yy_state_ptr)++ = yy_current_state;
| 
| 	for ( yy_cp = (yytext_ptr) + YY_MORE_ADJ; yy_cp < (yy_c_buf_p); ++yy_cp )
| 		{
| 		YY_CHAR yy_c = (*yy_cp ? yy_ec[YY_SC_TO_UI(*yy_cp)] : 1);
| 		while ( yy_chk[yy_base[yy_current_state] + yy_c] != yy_current_state )
| 			{
| 			yy_current_state = (int) yy_def[yy_current_state];
| 			if ( yy_current_state >= 13 )
| 				yy_c = yy_meta[(unsigned int) yy_c];
| 			}
| 		yy_current_state = yy_nxt[yy_base[yy_current_state] + (unsigned int) yy_c];
| 		*(yy_state_ptr)++ = yy_current_state;
| 		}
| 
| 	return yy_current_state;
| }
| 
| /* yy_try_NUL_trans - try to make a transition on the NUL character
|  *
|  * synopsis
|  *	next_state = yy_try_NUL_trans( current_state );
|  */
|     static yy_state_type yy_try_NUL_trans  (yy_state_type yy_current_state )
| {
| 	int yy_is_jam;
|     
| 	YY_CHAR yy_c = 1;
| 	while ( yy_chk[yy_base[yy_current_state] + yy_c] != yy_current_state )
| 		{
| 		yy_current_state = (int) yy_def[yy_current_state];
| 		if ( yy_current_state >= 13 )
| 			yy_c = yy_meta[(unsigned int) yy_c];
| 		}
| 	yy_current_state = yy_nxt[yy_base[yy_current_state] + (unsigned int) yy_c];
| 	yy_is_jam = (yy_current_state == 12);
| 	if ( ! yy_is_jam )
| 		*(yy_state_ptr)++ = yy_current_state;
| 
| 		return yy_is_jam ? 0 : yy_current_state;
| }
| 
| #ifndef YY_NO_UNPUT
| 
|     static void yyunput (int c, char * yy_bp )
| {
| 	char *yy_cp;
|     
|     yy_cp = (yy_c_buf_p);
| 
| 	/* undo effects of setting up yytext */
| 	*yy_cp = (yy_hold_char);
| 
| 	if ( yy_cp < YY_CURRENT_BUFFER_LVALUE->yy_ch_buf + 2 )
| 		{ /* need to shift things up to make room */
| 		/* +2 for EOB chars. */
| 		yy_size_t number_to_move = (yy_n_chars) + 2;
| 		char *dest = &YY_CURRENT_BUFFER_LVALUE->yy_ch_buf[
| 					YY_CURRENT_BUFFER_LVALUE->yy_buf_size + 2];
| 		char *source =
| 				&YY_CURRENT_BUFFER_LVALUE->yy_ch_buf[number_to_move];
| 
| 		while ( source > YY_CURRENT_BUFFER_LVALUE->yy_ch_buf )
| 			*--dest = *--source;
| 
| 		yy_cp += (int) (dest - source);
| 		yy_bp += (int) (dest - source);
| 		YY_CURRENT_BUFFER_LVALUE->yy_n_chars =
| 			(yy_n_chars) = YY_CURRENT_BUFFER_LVALUE->yy_buf_size;
| 
| 		if ( yy_cp < YY_CURRENT_BUFFER_LVALUE->yy_ch_buf + 2 )
| 			YY_FATAL_ERROR( "flex scanner push-back overflow" );
| 		}
| 
| 	*--yy_cp = (char) c;
| 
| 	(yytext_ptr) = yy_bp;
| 	(yy_hold_char) = *yy_cp;
| 	(yy_c_buf_p) = yy_cp;
| }
| 
| #endif
| 
| #ifndef YY_NO_INPUT
| #ifdef __cplusplus
|     static int yyinput (void)
| #else
|     static int input  (void)
| #endif
| 
| {
| 	int c;
|     
| 	*(yy_c_buf_p) = (yy_hold_char);
| 
| 	if ( *(yy_c_buf_p) == YY_END_OF_BUFFER_CHAR )
| 		{
| 		/* yy_c_buf_p now points to the character we want to return.
| 		 * If this occurs *before* the EOB characters, then it's a
| 		 * valid NUL; if not, then we've hit the end of the buffer.
| 		 */
| 		if ( (yy_c_buf_p) < &YY_CURRENT_BUFFER_LVALUE->yy_ch_buf[(yy_n_chars)] )
| 			/* This was really a NUL. */
| 			*(yy_c_buf_p) = '\0';
| 
| 		else
| 			{ /* need more input */
| 			yy_size_t offset = (yy_c_buf_p) - (yytext_ptr);
| 			++(yy_c_buf_p);
| 
| 			switch ( yy_get_next_buffer(  ) )
| 				{
| 				case EOB_ACT_LAST_MATCH:
| 					/* This happens because yy_g_n_b()
| 					 * sees that we've accumulated a
| 					 * token and flags that we need to
| 					 * try matching the token before
| 					 * proceeding.  But for input(),
| 					 * there's no matching to consider.
| 					 * So convert the EOB_ACT_LAST_MATCH
| 					 * to EOB_ACT_END_OF_FILE.
| 					 */
| 
| 					/* Reset buffer status. */
| 					yyrestart(yyin );
| 
| 					/*FALLTHROUGH*/
| 
| 				case EOB_ACT_END_OF_FILE:
| 					{
| 					if ( yywrap( ) )
| 						return EOF;
| 
| 					if ( ! (yy_did_buffer_switch_on_eof) )
| 						YY_NEW_FILE;
| #ifdef __cplusplus
| 					return yyinput();
| #else
| 					return input();
| #endif
| 					}
| 
| 				case EOB_ACT_CONTINUE_SCAN:
| 					(yy_c_buf_p) = (yytext_ptr) + offset;
| 					break;
| 				}
| 			}
| 		}
| 
| 	c = *(unsigned char *) (yy_c_buf_p);	/* cast for 8-bit char's */
| 	*(yy_c_buf_p) = '\0';	/* preserve yytext */
| 	(yy_hold_char) = *++(yy_c_buf_p);
| 
| 	return c;
| }
| #endif	/* ifndef YY_NO_INPUT */
| 
| /** Immediately switch to a different input stream.
|  * @param input_file A readable stream.
|  * 
|  * @note This function does not reset the start condition to @c INITIAL .
|  */
|     void yyrestart  (FILE * input_file )
| {
|     
| 	if ( ! YY_CURRENT_BUFFER ){
|         yyensure_buffer_stack ();
| 		YY_CURRENT_BUFFER_LVALUE =
|             yy_create_buffer(yyin,YY_BUF_SIZE );
| 	}
| 
| 	yy_init_buffer(YY_CURRENT_BUFFER,input_file );
| 	yy_load_buffer_state( );
| }
| 
| /** Switch to a different input buffer.
|  * @param new_buffer The new input buffer.
|  * 
|  */
|     void yy_switch_to_buffer  (YY_BUFFER_STATE  new_buffer )
| {
|     
| 	/* TODO. We should be able to replace this entire function body
| 	 * with
| 	 *		yypop_buffer_state();
| 	 *		yypush_buffer_state(new_buffer);
|      */
| 	yyensure_buffer_stack ();
| 	if ( YY_CURRENT_BUFFER == new_buffer )
| 		return;
| 
| 	if ( YY_CURRENT_BUFFER )
| 		{
| 		/* Flush out information for old buffer. */
| 		*(yy_c_buf_p) = (yy_hold_char);
| 		YY_CURRENT_BUFFER_LVALUE->yy_buf_pos = (yy_c_buf_p);
| 		YY_CURRENT_BUFFER_LVALUE->yy_n_chars = (yy_n_chars);
| 		}
| 
| 	YY_CURRENT_BUFFER_LVALUE = new_buffer;
| 	yy_load_buffer_state( );
| 
| 	/* We don't actually know whether we did this switch during
| 	 * EOF (yywrap()) processing, but the only time this flag
| 	 * is looked at is after yywrap() is called, so it's safe
| 	 * to go ahead and always set it.
| 	 */
| 	(yy_did_buffer_switch_on_eof) = 1;
| }
| 
| static void yy_load_buffer_state  (void)
| {
|     	(yy_n_chars) = YY_CURRENT_BUFFER_LVALUE->yy_n_chars;
| 	(yytext_ptr) = (yy_c_buf_p) = YY_CURRENT_BUFFER_LVALUE->yy_buf_pos;
| 	yyin = YY_CURRENT_BUFFER_LVALUE->yy_input_file;
| 	(yy_hold_char) = *(yy_c_buf_p);
| }
| 
| /** Allocate and initialize an input buffer state.
|  * @param file A readable stream.
|  * @param size The character buffer size in bytes. When in doubt, use @c YY_BUF_SIZE.
|  * 
|  * @return the allocated buffer state.
|  */
|     YY_BUFFER_STATE yy_create_buffer  (FILE * file, int  size )
| {
| 	YY_BUFFER_STATE b;
|     
| 	b = (YY_BUFFER_STATE) yyalloc(sizeof( struct yy_buffer_state )  );
| 	if ( ! b )
| 		YY_FATAL_ERROR( "out of dynamic memory in yy_create_buffer()" );
| 
| 	b->yy_buf_size = (yy_size_t)size;
| 
| 	/* yy_ch_buf has to be 2 characters longer than the size given because
| 	 * we need to put in 2 end-of-buffer characters.
| 	 */
| 	b->yy_ch_buf = (char *) yyalloc(b->yy_buf_size + 2  );
| 	if ( ! b->yy_ch_buf )
| 		YY_FATAL_ERROR( "out of dynamic memory in yy_create_buffer()" );
| 
| 	b->yy_is_our_buffer = 1;
| 
| 	yy_init_buffer(b,file );
| 
| 	return b;
| }
| 
| /** Destroy the buffer.
|  * @param b a buffer created with yy_create_buffer()
|  * 
|  */
|     void yy_delete_buffer (YY_BUFFER_STATE  b )
| {
|     
| 	if ( ! b )
| 		return;
| 
| 	if ( b == YY_CURRENT_BUFFER ) /* Not sure if we should pop here. */
| 		YY_CURRENT_BUFFER_LVALUE = (YY_BUFFER_STATE) 0;
| 
| 	if ( b->yy_is_our_buffer )
| 		yyfree((void *) b->yy_ch_buf  );
| 
| 	yyfree((void *) b  );
| }
| 
| /* Initializes or reinitializes a buffer.
|  * This function is sometimes called more than once on the same buffer,
|  * such as during a yyrestart() or at EOF.
|  */
|     static void yy_init_buffer  (YY_BUFFER_STATE  b, FILE * file )
| 
| {
| 	int oerrno = errno;
|     
| 	yy_flush_buffer(b );
| 
| 	b->yy_input_file = file;
| 	b->yy_fill_buffer = 1;
| 
|     /* If b is the current buffer, then yy_init_buffer was _probably_
|      * called from yyrestart() or through yy_get_next_buffer.
|      * In that case, we don't want to reset the lineno or column.
|      */
|     if (b != YY_CURRENT_BUFFER){
|         b->yy_bs_lineno = 1;
|         b->yy_bs_column = 0;
|     }
| 
|         b->yy_is_interactive = file ? (isatty( fileno(file) ) > 0) : 0;
|     
| 	errno = oerrno;
| }
| 
| /** Discard all buffered characters. On the next scan, YY_INPUT will be called.
|  * @param b the buffer state to be flushed, usually @c YY_CURRENT_BUFFER.
|  * 
|  */
|     void yy_flush_buffer (YY_BUFFER_STATE  b )
| {
|     	if ( ! b )
| 		return;
| 
| 	b->yy_n_chars = 0;
| 
| 	/* We always need two end-of-buffer characters.  The first causes
| 	 * a transition to the end-of-buffer state.  The second causes
| 	 * a jam in that state.
| 	 */
| 	b->yy_ch_buf[0] = YY_END_OF_BUFFER_CHAR;
| 	b->yy_ch_buf[1] = YY_END_OF_BUFFER_CHAR;
| 
| 	b->yy_buf_pos = &b->yy_ch_buf[0];
| 
| 	b->yy_at_bol = 1;
| 	b->yy_buffer_status = YY_BUFFER_NEW;
| 
| 	if ( b == YY_CURRENT_BUFFER )
| 		yy_load_buffer_state( );
| }
| 
| /** Pushes the new state onto the stack. The new state becomes
|  *  the current state. This function will allocate the stack
|  *  if necessary.
|  *  @param new_buffer The new state.
|  *  
|  */
| void yypush_buffer_state (YY_BUFFER_STATE new_buffer )
| {
|     	if (new_buffer == NULL)
| 		return;
| 
| 	yyensure_buffer_stack();
| 
| 	/* This block is copied from yy_switch_to_buffer. */
| 	if ( YY_CURRENT_BUFFER )
| 		{
| 		/* Flush out information for old buffer. */
| 		*(yy_c_buf_p) = (yy_hold_char);
| 		YY_CURRENT_BUFFER_LVALUE->yy_buf_pos = (yy_c_buf_p);
| 		YY_CURRENT_BUFFER_LVALUE->yy_n_chars = (yy_n_chars);
| 		}
| 
| 	/* Only push if top exists. Otherwise, replace top. */
| 	if (YY_CURRENT_BUFFER)
| 		(yy_buffer_stack_top)++;
| 	YY_CURRENT_BUFFER_LVALUE = new_buffer;
| 
| 	/* copied from yy_switch_to_buffer. */
| 	yy_load_buffer_state( );
| 	(yy_did_buffer_switch_on_eof) = 1;
| }
| 
| /** Removes and deletes the top of the stack, if present.
|  *  The next element becomes the new top.
|  *  
|  */
| void yypop_buffer_state (void)
| {
|     	if (!YY_CURRENT_BUFFER)
| 		return;
| 
| 	yy_delete_buffer(YY_CURRENT_BUFFER );
| 	YY_CURRENT_BUFFER_LVALUE = NULL;
| 	if ((yy_buffer_stack_top) > 0)
| 		--(yy_buffer_stack_top);
| 
| 	if (YY_CURRENT_BUFFER) {
| 		yy_load_buffer_state( );
| 		(yy_did_buffer_switch_on_eof) = 1;
| 	}
| }
| 
| /* Allocates the stack if it does not exist.
|  *  Guarantees space for at least one push.
|  */
| static void yyensure_buffer_stack (void)
| {
| 	yy_size_t num_to_alloc;
|     
| 	if (!(yy_buffer_stack)) {
| 
| 		/* First allocation is just for 2 elements, since we don't know if this
| 		 * scanner will even need a stack. We use 2 instead of 1 to avoid an
| 		 * immediate realloc on the next call.
|          */
| 		num_to_alloc = 1; /* After all that talk, this was set to 1 anyways... */
| 		(yy_buffer_stack) = (struct yy_buffer_state**)yyalloc
| 								(num_to_alloc * sizeof(struct yy_buffer_state*)
| 								);
| 		if ( ! (yy_buffer_stack) )
| 			YY_FATAL_ERROR( "out of dynamic memory in yyensure_buffer_stack()" );
| 								  
| 		memset((yy_buffer_stack), 0, num_to_alloc * sizeof(struct yy_buffer_state*));
| 				
| 		(yy_buffer_stack_max) = num_to_alloc;
| 		(yy_buffer_stack_top) = 0;
| 		return;
| 	}
| 
| 	if ((yy_buffer_stack_top) >= ((yy_buffer_stack_max)) - 1){
| 
| 		/* Increase the buffer to prepare for a possible push. */
| 		yy_size_t grow_size = 8 /* arbitrary grow size */;
| 
| 		num_to_alloc = (yy_buffer_stack_max) + grow_size;
| 		(yy_buffer_stack) = (struct yy_buffer_state**)yyrealloc
| 								((yy_buffer_stack),
| 								num_to_alloc * sizeof(struct yy_buffer_state*)
| 								);
| 		if ( ! (yy_buffer_stack) )
| 			YY_FATAL_ERROR( "out of dynamic memory in yyensure_buffer_stack()" );
| 
| 		/* zero only the new slots.*/
| 		memset((yy_buffer_stack) + (yy_buffer_stack_max), 0, grow_size * sizeof(struct yy_buffer_state*));
| 		(yy_buffer_stack_max) = num_to_alloc;
| 	}
| }
| 
| /** Setup the input buffer state to scan directly from a user-specified character buffer.
|  * @param base the character buffer
|  * @param size the size in bytes of the character buffer
|  * 
|  * @return the newly allocated buffer state object. 
|  */
| YY_BUFFER_STATE yy_scan_buffer  (char * base, yy_size_t  size )
| {
| 	YY_BUFFER_STATE b;
|     
| 	if ( size < 2 ||
| 	     base[size-2] != YY_END_OF_BUFFER_CHAR ||
| 	     base[size-1] != YY_END_OF_BUFFER_CHAR )
| 		/* They forgot to leave room for the EOB's. */
| 		return 0;
| 
| 	b = (YY_BUFFER_STATE) yyalloc(sizeof( struct yy_buffer_state )  );
| 	if ( ! b )
| 		YY_FATAL_ERROR( "out of dynamic memory in yy_scan_buffer()" );
| 
| 	b->yy_buf_size = size - 2;	/* "- 2" to take care of EOB's */
| 	b->yy_buf_pos = b->yy_ch_buf = base;
| 	b->yy_is_our_buffer = 0;
| 	b->yy_input_file = 0;
| 	b->yy_n_chars = b->yy_buf_size;
| 	b->yy_is_interactive = 0;
| 	b->yy_at_bol = 1;
| 	b->yy_fill_buffer = 0;
| 	b->yy_buffer_status = YY_BUFFER_NEW;
| 
| 	yy_switch_to_buffer(b  );
| 
| 	return b;
| }
| 
| /** Setup the input buffer state to scan a string. The next call to yylex() will
|  * scan from a @e copy of @a str.
|  * @param yystr a NUL-terminated string to scan
|  * 
|  * @return the newly allocated buffer state object.
|  * @note If you want to scan bytes that may contain NUL values, then use
|  *       yy_scan_bytes() instead.
|  */
| YY_BUFFER_STATE yy_scan_string (yyconst char * yystr )
| {
|     
| 	return yy_scan_bytes(yystr,strlen(yystr) );
| }
| 
| /** Setup the input buffer state to scan the given bytes. The next call to yylex() will
|  * scan from a @e copy of @a bytes.
|  * @param yybytes the byte buffer to scan
|  * @param _yybytes_len the number of bytes in the buffer pointed to by @a bytes.
|  * 
|  * @return the newly allocated buffer state object.
|  */
| YY_BUFFER_STATE yy_scan_bytes  (yyconst char * yybytes, yy_size_t  _yybytes_len )
| {
| 	YY_BUFFER_STATE b;
| 	char *buf;
| 	yy_size_t n;
| 	yy_size_t i;
|     
| 	/* Get memory for full buffer, including space for trailing EOB's. */
| 	n = _yybytes_len + 2;
| 	buf = (char *) yyalloc(n  );
| 	if ( ! buf )
| 		YY_FATAL_ERROR( "out of dynamic memory in yy_scan_bytes()" );
| 
| 	for ( i = 0; i < _yybytes_len; ++i )
| 		buf[i] = yybytes[i];
| 
| 	buf[_yybytes_len] = buf[_yybytes_len+1] = YY_END_OF_BUFFER_CHAR;
| 
| 	b = yy_scan_buffer(buf,n );
| 	if ( ! b )
| 		YY_FATAL_ERROR( "bad buffer in yy_scan_bytes()" );
| 
| 	/* It's okay to grow etc. this buffer, and we should throw it
| 	 * away when we're done.
| 	 */
| 	b->yy_is_our_buffer = 1;
| 
| 	return b;
| }
| 
| #ifndef YY_EXIT_FAILURE
| #define YY_EXIT_FAILURE 2
| #endif
| 
| static void yy_fatal_error (yyconst char* msg )
| {
| 			(void) fprintf( stderr, "%s\n", msg );
| 	exit( YY_EXIT_FAILURE );
| }
| 
| /* Redefine yyless() so it works in section 3 code. */
| 
| #undef yyless
| #define yyless(n) \
| 	do \
| 		{ \
| 		/* Undo effects of setting up yytext. */ \
|         int yyless_macro_arg = (n); \
|         YY_LESS_LINENO(yyless_macro_arg);\
| 		yytext[yyleng] = (yy_hold_char); \
| 		(yy_c_buf_p) = yytext + yyless_macro_arg; \
| 		(yy_hold_char) = *(yy_c_buf_p); \
| 		*(yy_c_buf_p) = '\0'; \
| 		yyleng = yyless_macro_arg; \
| 		} \
| 	while ( 0 )
| 
| /* Accessor  methods (get/set functions) to struct members. */
| 
| /** Get the current line number.
|  * 
|  */
| int yyget_lineno  (void)
| {
|         
|     return yylineno;
| }
| 
| /** Get the input stream.
|  * 
|  */
| FILE *yyget_in  (void)
| {
|         return yyin;
| }
| 
| /** Get the output stream.
|  * 
|  */
| FILE *yyget_out  (void)
| {
|         return yyout;
| }
| 
| /** Get the length of the current token.
|  * 
|  */
| yy_size_t yyget_leng  (void)
| {
|         return yyleng;
| }
| 
| /** Get the current token.
|  * 
|  */
| 
| char *yyget_text  (void)
| {
|         return yytext;
| }
| 
| /** Set the current line number.
|  * @param _line_number line number
|  * 
|  */
| void yyset_lineno (int  _line_number )
| {
|     
|     yylineno = _line_number;
| }
| 
| /** Set the input stream. This does not discard the current
|  * input buffer.
|  * @param _in_str A readable stream.
|  * 
|  * @see yy_switch_to_buffer
|  */
| void yyset_in (FILE *  _in_str )
| {
|         yyin = _in_str ;
| }
| 
| void yyset_out (FILE *  _out_str )
| {
|         yyout = _out_str ;
| }
| 
| int yyget_debug  (void)
| {
|         return yy_flex_debug;
| }
| 
| void yyset_debug (int  _bdebug )
| {
|         yy_flex_debug = _bdebug ;
| }
| 
| static int yy_init_globals (void)
| {
|         /* Initialization is the same as for the non-reentrant scanner.
|      * This function is called from yylex_destroy(), so don't allocate here.
|      */
| 
|     (yy_buffer_stack) = 0;
|     (yy_buffer_stack_top) = 0;
|     (yy_buffer_stack_max) = 0;
|     (yy_c_buf_p) = (char *) 0;
|     (yy_init) = 0;
|     (yy_start) = 0;
| 
|     (yy_state_buf) = 0;
|     (yy_state_ptr) = 0;
|     (yy_full_match) = 0;
|     (yy_lp) = 0;
| 
| /* Defined in main.c */
| #ifdef YY_STDINIT
|     yyin = stdin;
|     yyout = stdout;
| #else
|     yyin = (FILE *) 0;
|     yyout = (FILE *) 0;
| #endif
| 
|     /* For future reference: Set errno on error, since we are called by
|      * yylex_init()
|      */
|     return 0;
| }
| 
| /* yylex_destroy is for both reentrant and non-reentrant scanners. */
| int yylex_destroy  (void)
| {
|     
|     /* Pop the buffer stack, destroying each element. */
| 	while(YY_CURRENT_BUFFER){
| 		yy_delete_buffer(YY_CURRENT_BUFFER  );
| 		YY_CURRENT_BUFFER_LVALUE = NULL;
| 		yypop_buffer_state();
| 	}
| 
| 	/* Destroy the stack itself. */
| 	yyfree((yy_buffer_stack) );
| 	(yy_buffer_stack) = NULL;
| 
|     yyfree ( (yy_state_buf) );
|     (yy_state_buf)  = NULL;
| 
|     /* Reset the globals. This is important in a non-reentrant scanner so the next time
|      * yylex() is called, initialization will occur. */
|     yy_init_globals( );
| 
|     return 0;
| }
| 
| /*
|  * Internal utility routines.
|  */
| 
| #ifndef yytext_ptr
| static void yy_flex_strncpy (char* s1, yyconst char * s2, int n )
| {
| 		
| 	int i;
| 	for ( i = 0; i < n; ++i )
| 		s1[i] = s2[i];
| }
| #endif
| 
| #ifdef YY_NEED_STRLEN
| static int yy_flex_strlen (yyconst char * s )
| {
| 	int n;
| 	for ( n = 0; s[n]; ++n )
| 		;
| 
| 	return n;
| }
| #endif
| 
| void *yyalloc (yy_size_t  size )
| {
| 			return (void *) malloc( size );
| }
| 
| void *yyrealloc  (void * ptr, yy_size_t  size )
| {
| 		
| 	/* The cast to (char *) in the following accommodates both
| 	 * implementations that use char* generic pointers, and those
| 	 * that use void* generic pointers.  It works with the latter
| 	 * because both ANSI C and C++ allow castless assignment from
| 	 * any pointer type to void*, and deal with argument conversions
| 	 * as though doing an assignment.
| 	 */
| 	return (void *) realloc( (char *) ptr, size );
| }
| 
| void yyfree (void * ptr )
| {
| 			free( (char *) ptr );	/* see yyrealloc() for (char *) cast */
| }
| 
| #define YYTABLES_NAME "yytables"
| 
| #line 9 "conftest.l"
| 
| 
| #ifdef YYTEXT_POINTER
| extern char *yytext;
| #endif
| int
| main (void)
| {
|   return ! yylex () + ! yywrap ();
| }
configure:12790: gcc -o conftest    conftest.c -lfl  >&5
configure:12790: $? = 0
configure:12800: result: -lfl
configure:12806: checking whether yytext is a pointer
configure:12823: gcc -o conftest    conftest.c -lfl  >&5
configure:12823: $? = 0
configure:12831: result: yes
configure:12852: checking for bison
configure:12868: found /usr/bin/bison
configure:12879: result: bison -y
configure:12900: checking for pow in -lm
configure:12925: gcc -o conftest    conftest.c -lm   >&5
conftest.c:31:6: warning: conflicting types for built-in function 'pow'
 char pow ();
      ^
configure:12925: $? = 0
configure:12934: result: yes
configure:12953: checking for __gmpz_init in -lgmp
configure:12978: gcc -o conftest    conftest.c -lgmp  -lm  >&5
configure:12978: $? = 0
configure:12987: result: yes
configure:13009: checking for size_t
configure:13009: gcc -c   conftest.c >&5
configure:13009: $? = 0
configure:13009: gcc -c   conftest.c >&5
conftest.c: In function 'main':
conftest.c:62:21: error: expected expression before ')' token
 if (sizeof ((size_t)))
                     ^
configure:13009: $? = 1
configure: failed program was:
| /* confdefs.h */
| #define PACKAGE_NAME "pbc"
| #define PACKAGE_TARNAME "pbc"
| #define PACKAGE_VERSION "0.5.14"
| #define PACKAGE_STRING "pbc 0.5.14"
| #define PACKAGE_BUGREPORT "blynn@cs.stanford.edu"
| #define PACKAGE_URL ""
| #define PACKAGE "pbc"
| #define VERSION "0.5.14"
| #define STDC_HEADERS 1
| #define HAVE_SYS_TYPES_H 1
| #define HAVE_SYS_STAT_H 1
| #define HAVE_STDLIB_H 1
| #define HAVE_STRING_H 1
| #define HAVE_MEMORY_H 1
| #define HAVE_STRINGS_H 1
| #define HAVE_INTTYPES_H 1
| #define HAVE_STDINT_H 1
| #define HAVE_UNISTD_H 1
| #define HAVE_DLFCN_H 1
| #define LT_OBJDIR ".libs/"
| #define YYTEXT_POINTER 1
| #define HAVE_LIBM 1
| #define HAVE_LIBGMP 1
| /* end confdefs.h.  */
| #include <stdio.h>
| #ifdef HAVE_SYS_TYPES_H
| # include <sys/types.h>
| #endif
| #ifdef HAVE_SYS_STAT_H
| # include <sys/stat.h>
| #endif
| #ifdef STDC_HEADERS
| # include <stdlib.h>
| # include <stddef.h>
| #else
| # ifdef HAVE_STDLIB_H
| #  include <stdlib.h>
| # endif
| #endif
| #ifdef HAVE_STRING_H
| # if !defined STDC_HEADERS && defined HAVE_MEMORY_H
| #  include <memory.h>
| # endif
| # include <string.h>
| #endif
| #ifdef HAVE_STRINGS_H
| # include <strings.h>
| #endif
| #ifdef HAVE_INTTYPES_H
| # include <inttypes.h>
| #endif
| #ifdef HAVE_STDINT_H
| # include <stdint.h>
| #endif
| #ifdef HAVE_UNISTD_H
| # include <unistd.h>
| #endif
| int
| main ()
| {
| if (sizeof ((size_t)))
| 	    return 0;
|   ;
|   return 0;
| }
configure:13009: result: yes
configure:13022: checking for working alloca.h
configure:13039: gcc -o conftest    conftest.c  >&5
configure:13039: $? = 0
configure:13047: result: yes
configure:13055: checking for alloca
configure:13092: gcc -o conftest    conftest.c  >&5
configure:13092: $? = 0
configure:13100: result: yes
configure:13209: checking for ANSI C header files
configure:13313: result: yes
configure:13324: checking for stdlib.h
configure:13324: result: yes
configure:13324: checking for string.h
configure:13324: result: yes
configure:13324: checking sys/time.h usability
configure:13324: gcc -c   conftest.c >&5
configure:13324: $? = 0
configure:13324: result: yes
configure:13324: checking sys/time.h presence
configure:13324: gcc -E  conftest.c
configure:13324: $? = 0
configure:13324: result: yes
configure:13324: checking for sys/time.h
configure:13324: result: yes
configure:13336: checking for an ANSI C-conforming const
configure:13401: gcc -c   conftest.c >&5
configure:13401: $? = 0
configure:13408: result: yes
configure:13416: checking for inline
configure:13432: gcc -c   conftest.c >&5
configure:13432: $? = 0
configure:13440: result: inline
configure:13458: checking for size_t
configure:13458: result: yes
configure:13469: checking whether time.h and sys/time.h may both be included
configure:13489: gcc -c   conftest.c >&5
configure:13489: $? = 0
configure:13496: result: yes
configure:13550: checking for stdlib.h
configure:13550: result: yes
configure:13560: checking for GNU libc compatible malloc
configure:13584: gcc -o conftest  -Wall -W -Wfloat-equal -Wpointer-arith -Wcast-align -Wstrict-prototypes -Wredundant-decls -Wendif-labels -Wshadow -pipe -ffast-math -U__STRICT_ANSI__ -std=gnu99 -fomit-frame-pointer -O3   conftest.c  >&5
conftest.c:41:1: warning: function declaration isn't a prototype [-Wstrict-prototypes]
 main ()
 ^
configure:13584: $? = 0
configure:13584: ./conftest
configure:13584: $? = 0
configure:13594: result: yes
configure:13617: checking for stdlib.h
configure:13617: result: yes
configure:13627: checking for GNU libc compatible realloc
configure:13651: gcc -o conftest  -Wall -W -Wfloat-equal -Wpointer-arith -Wcast-align -Wstrict-prototypes -Wredundant-decls -Wendif-labels -Wshadow -pipe -ffast-math -U__STRICT_ANSI__ -std=gnu99 -fomit-frame-pointer -O3   conftest.c  >&5
conftest.c:43:1: warning: function declaration isn't a prototype [-Wstrict-prototypes]
 main ()
 ^
configure:13651: $? = 0
configure:13651: ./conftest
configure:13651: $? = 0
configure:13661: result: yes
configure:13685: checking for floor
configure:13685: gcc -o conftest  -Wall -W -Wfloat-equal -Wpointer-arith -Wcast-align -Wstrict-prototypes -Wredundant-decls -Wendif-labels -Wshadow -pipe -ffast-math -U__STRICT_ANSI__ -std=gnu99 -fomit-frame-pointer -O3   conftest.c  >&5
conftest.c:60:1: warning: function declaration isn't a prototype [-Wstrict-prototypes]
 char floor ();
 ^
conftest.c:60:6: warning: conflicting types for built-in function 'floor'
 char floor ();
      ^
conftest.c:69:1: warning: function declaration isn't a prototype [-Wstrict-prototypes]
 main ()
 ^
/tmp/ccQ5gkLY.o: In function `main':
conftest.c:(.text.startup+0x7): undefined reference to `floor'
collect2: error: ld returned 1 exit status
configure:13685: $? = 1
configure: failed program was:
| /* confdefs.h */
| #define PACKAGE_NAME "pbc"
| #define PACKAGE_TARNAME "pbc"
| #define PACKAGE_VERSION "0.5.14"
| #define PACKAGE_STRING "pbc 0.5.14"
| #define PACKAGE_BUGREPORT "blynn@cs.stanford.edu"
| #define PACKAGE_URL ""
| #define PACKAGE "pbc"
| #define VERSION "0.5.14"
| #define STDC_HEADERS 1
| #define HAVE_SYS_TYPES_H 1
| #define HAVE_SYS_STAT_H 1
| #define HAVE_STDLIB_H 1
| #define HAVE_STRING_H 1
| #define HAVE_MEMORY_H 1
| #define HAVE_STRINGS_H 1
| #define HAVE_INTTYPES_H 1
| #define HAVE_STDINT_H 1
| #define HAVE_UNISTD_H 1
| #define HAVE_DLFCN_H 1
| #define LT_OBJDIR ".libs/"
| #define YYTEXT_POINTER 1
| #define HAVE_LIBM 1
| #define HAVE_LIBGMP 1
| #define HAVE_ALLOCA_H 1
| #define HAVE_ALLOCA 1
| #define STDC_HEADERS 1
| #define HAVE_STDLIB_H 1
| #define HAVE_STRING_H 1
| #define HAVE_SYS_TIME_H 1
| #define TIME_WITH_SYS_TIME 1
| #define HAVE_STDLIB_H 1
| #define HAVE_MALLOC 1
| #define HAVE_STDLIB_H 1
| #define HAVE_REALLOC 1
| /* end confdefs.h.  */
| /* Define floor to an innocuous variant, in case <limits.h> declares floor.
|    For example, HP-UX 11i <limits.h> declares gettimeofday.  */
| #define floor innocuous_floor
| 
| /* System header to define __stub macros and hopefully few prototypes,
|     which can conflict with char floor (); below.
|     Prefer <limits.h> to <assert.h> if __STDC__ is defined, since
|     <limits.h> exists even on freestanding compilers.  */
| 
| #ifdef __STDC__
| # include <limits.h>
| #else
| # include <assert.h>
| #endif
| 
| #undef floor
| 
| /* Override any GCC internal prototype to avoid an error.
|    Use char because int might match the return type of a GCC
|    builtin and then its argument prototype would still apply.  */
| #ifdef __cplusplus
| extern "C"
| #endif
| char floor ();
| /* The GNU C library defines this for functions which it implements
|     to always fail with ENOSYS.  Some functions are actually named
|     something starting with __ and the normal name is an alias.  */
| #if defined __stub_floor || defined __stub___floor
| choke me
| #endif
| 
| int
| main ()
| {
| return floor ();
|   ;
|   return 0;
| }
configure:13685: result: no
configure:13685: checking for gettimeofday
configure:13685: gcc -o conftest  -Wall -W -Wfloat-equal -Wpointer-arith -Wcast-align -Wstrict-prototypes -Wredundant-decls -Wendif-labels -Wshadow -pipe -ffast-math -U__STRICT_ANSI__ -std=gnu99 -fomit-frame-pointer -O3   conftest.c  >&5
conftest.c:60:1: warning: function declaration isn't a prototype [-Wstrict-prototypes]
 char gettimeofday ();
 ^
conftest.c:69:1: warning: function declaration isn't a prototype [-Wstrict-prototypes]
 main ()
 ^
configure:13685: $? = 0
configure:13685: result: yes
configure:13685: checking for memmove
configure:13685: gcc -o conftest  -Wall -W -Wfloat-equal -Wpointer-arith -Wcast-align -Wstrict-prototypes -Wredundant-decls -Wendif-labels -Wshadow -pipe -ffast-math -U__STRICT_ANSI__ -std=gnu99 -fomit-frame-pointer -O3   conftest.c  >&5
conftest.c:61:1: warning: function declaration isn't a prototype [-Wstrict-prototypes]
 char memmove ();
 ^
conftest.c:61:6: warning: conflicting types for built-in function 'memmove'
 char memmove ();
      ^
conftest.c:70:1: warning: function declaration isn't a prototype [-Wstrict-prototypes]
 main ()
 ^
configure:13685: $? = 0
configure:13685: result: yes
configure:13685: checking for memset
configure:13685: gcc -o conftest  -Wall -W -Wfloat-equal -Wpointer-arith -Wcast-align -Wstrict-prototypes -Wredundant-decls -Wendif-labels -Wshadow -pipe -ffast-math -U__STRICT_ANSI__ -std=gnu99 -fomit-frame-pointer -O3   conftest.c  >&5
conftest.c:62:1: warning: function declaration isn't a prototype [-Wstrict-prototypes]
 char memset ();
 ^
conftest.c:62:6: warning: conflicting types for built-in function 'memset'
 char memset ();
      ^
conftest.c:71:1: warning: function declaration isn't a prototype [-Wstrict-prototypes]
 main ()
 ^
configure:13685: $? = 0
configure:13685: result: yes
configure:13685: checking for pow
configure:13685: gcc -o conftest  -Wall -W -Wfloat-equal -Wpointer-arith -Wcast-align -Wstrict-prototypes -Wredundant-decls -Wendif-labels -Wshadow -pipe -ffast-math -U__STRICT_ANSI__ -std=gnu99 -fomit-frame-pointer -O3   conftest.c  >&5
conftest.c:63:1: warning: function declaration isn't a prototype [-Wstrict-prototypes]
 char pow ();
 ^
conftest.c:63:6: warning: conflicting types for built-in function 'pow'
 char pow ();
      ^
conftest.c:72:1: warning: function declaration isn't a prototype [-Wstrict-prototypes]
 main ()
 ^
/tmp/cclUvUTV.o: In function `main':
conftest.c:(.text.startup+0x7): undefined reference to `pow'
collect2: error: ld returned 1 exit status
configure:13685: $? = 1
configure: failed program was:
| /* confdefs.h */
| #define PACKAGE_NAME "pbc"
| #define PACKAGE_TARNAME "pbc"
| #define PACKAGE_VERSION "0.5.14"
| #define PACKAGE_STRING "pbc 0.5.14"
| #define PACKAGE_BUGREPORT "blynn@cs.stanford.edu"
| #define PACKAGE_URL ""
| #define PACKAGE "pbc"
| #define VERSION "0.5.14"
| #define STDC_HEADERS 1
| #define HAVE_SYS_TYPES_H 1
| #define HAVE_SYS_STAT_H 1
| #define HAVE_STDLIB_H 1
| #define HAVE_STRING_H 1
| #define HAVE_MEMORY_H 1
| #define HAVE_STRINGS_H 1
| #define HAVE_INTTYPES_H 1
| #define HAVE_STDINT_H 1
| #define HAVE_UNISTD_H 1
| #define HAVE_DLFCN_H 1
| #define LT_OBJDIR ".libs/"
| #define YYTEXT_POINTER 1
| #define HAVE_LIBM 1
| #define HAVE_LIBGMP 1
| #define HAVE_ALLOCA_H 1
| #define HAVE_ALLOCA 1
| #define STDC_HEADERS 1
| #define HAVE_STDLIB_H 1
| #define HAVE_STRING_H 1
| #define HAVE_SYS_TIME_H 1
| #define TIME_WITH_SYS_TIME 1
| #define HAVE_STDLIB_H 1
| #define HAVE_MALLOC 1
| #define HAVE_STDLIB_H 1
| #define HAVE_REALLOC 1
| #define HAVE_GETTIMEOFDAY 1
| #define HAVE_MEMMOVE 1
| #define HAVE_MEMSET 1
| /* end confdefs.h.  */
| /* Define pow to an innocuous variant, in case <limits.h> declares pow.
|    For example, HP-UX 11i <limits.h> declares gettimeofday.  */
| #define pow innocuous_pow
| 
| /* System header to define __stub macros and hopefully few prototypes,
|     which can conflict with char pow (); below.
|     Prefer <limits.h> to <assert.h> if __STDC__ is defined, since
|     <limits.h> exists even on freestanding compilers.  */
| 
| #ifdef __STDC__
| # include <limits.h>
| #else
| # include <assert.h>
| #endif
| 
| #undef pow
| 
| /* Override any GCC internal prototype to avoid an error.
|    Use char because int might match the return type of a GCC
|    builtin and then its argument prototype would still apply.  */
| #ifdef __cplusplus
| extern "C"
| #endif
| char pow ();
| /* The GNU C library defines this for functions which it implements
|     to always fail with ENOSYS.  Some functions are actually named
|     something starting with __ and the normal name is an alias.  */
| #if defined __stub_pow || defined __stub___pow
| choke me
| #endif
| 
| int
| main ()
| {
| return pow ();
|   ;
|   return 0;
| }
configure:13685: result: no
configure:13685: checking for sqrt
configure:13685: gcc -o conftest  -Wall -W -Wfloat-equal -Wpointer-arith -Wcast-align -Wstrict-prototypes -Wredundant-decls -Wendif-labels -Wshadow -pipe -ffast-math -U__STRICT_ANSI__ -std=gnu99 -fomit-frame-pointer -O3   conftest.c  >&5
conftest.c:63:1: warning: function declaration isn't a prototype [-Wstrict-prototypes]
 char sqrt ();
 ^
conftest.c:63:6: warning: conflicting types for built-in function 'sqrt'
 char sqrt ();
      ^
conftest.c:72:1: warning: function declaration isn't a prototype [-Wstrict-prototypes]
 main ()
 ^
/tmp/cc9WoLPY.o: In function `main':
conftest.c:(.text.startup+0x7): undefined reference to `sqrt'
collect2: error: ld returned 1 exit status
configure:13685: $? = 1
configure: failed program was:
| /* confdefs.h */
| #define PACKAGE_NAME "pbc"
| #define PACKAGE_TARNAME "pbc"
| #define PACKAGE_VERSION "0.5.14"
| #define PACKAGE_STRING "pbc 0.5.14"
| #define PACKAGE_BUGREPORT "blynn@cs.stanford.edu"
| #define PACKAGE_URL ""
| #define PACKAGE "pbc"
| #define VERSION "0.5.14"
| #define STDC_HEADERS 1
| #define HAVE_SYS_TYPES_H 1
| #define HAVE_SYS_STAT_H 1
| #define HAVE_STDLIB_H 1
| #define HAVE_STRING_H 1
| #define HAVE_MEMORY_H 1
| #define HAVE_STRINGS_H 1
| #define HAVE_INTTYPES_H 1
| #define HAVE_STDINT_H 1
| #define HAVE_UNISTD_H 1
| #define HAVE_DLFCN_H 1
| #define LT_OBJDIR ".libs/"
| #define YYTEXT_POINTER 1
| #define HAVE_LIBM 1
| #define HAVE_LIBGMP 1
| #define HAVE_ALLOCA_H 1
| #define HAVE_ALLOCA 1
| #define STDC_HEADERS 1
| #define HAVE_STDLIB_H 1
| #define HAVE_STRING_H 1
| #define HAVE_SYS_TIME_H 1
| #define TIME_WITH_SYS_TIME 1
| #define HAVE_STDLIB_H 1
| #define HAVE_MALLOC 1
| #define HAVE_STDLIB_H 1
| #define HAVE_REALLOC 1
| #define HAVE_GETTIMEOFDAY 1
| #define HAVE_MEMMOVE 1
| #define HAVE_MEMSET 1
| /* end confdefs.h.  */
| /* Define sqrt to an innocuous variant, in case <limits.h> declares sqrt.
|    For example, HP-UX 11i <limits.h> declares gettimeofday.  */
| #define sqrt innocuous_sqrt
| 
| /* System header to define __stub macros and hopefully few prototypes,
|     which can conflict with char sqrt (); below.
|     Prefer <limits.h> to <assert.h> if __STDC__ is defined, since
|     <limits.h> exists even on freestanding compilers.  */
| 
| #ifdef __STDC__
| # include <limits.h>
| #else
| # include <assert.h>
| #endif
| 
| #undef sqrt
| 
| /* Override any GCC internal prototype to avoid an error.
|    Use char because int might match the return type of a GCC
|    builtin and then its argument prototype would still apply.  */
| #ifdef __cplusplus
| extern "C"
| #endif
| char sqrt ();
| /* The GNU C library defines this for functions which it implements
|     to always fail with ENOSYS.  Some functions are actually named
|     something starting with __ and the normal name is an alias.  */
| #if defined __stub_sqrt || defined __stub___sqrt
| choke me
| #endif
| 
| int
| main ()
| {
| return sqrt ();
|   ;
|   return 0;
| }
configure:13685: result: no
configure:13685: checking for strchr
configure:13685: gcc -o conftest  -Wall -W -Wfloat-equal -Wpointer-arith -Wcast-align -Wstrict-prototypes -Wredundant-decls -Wendif-labels -Wshadow -pipe -ffast-math -U__STRICT_ANSI__ -std=gnu99 -fomit-frame-pointer -O3   conftest.c  >&5
conftest.c:63:1: warning: function declaration isn't a prototype [-Wstrict-prototypes]
 char strchr ();
 ^
conftest.c:63:6: warning: conflicting types for built-in function 'strchr'
 char strchr ();
      ^
conftest.c:72:1: warning: function declaration isn't a prototype [-Wstrict-prototypes]
 main ()
 ^
configure:13685: $? = 0
configure:13685: result: yes
configure:13685: checking for strdup
configure:13685: gcc -o conftest  -Wall -W -Wfloat-equal -Wpointer-arith -Wcast-align -Wstrict-prototypes -Wredundant-decls -Wendif-labels -Wshadow -pipe -ffast-math -U__STRICT_ANSI__ -std=gnu99 -fomit-frame-pointer -O3   conftest.c  >&5
conftest.c:64:1: warning: function declaration isn't a prototype [-Wstrict-prototypes]
 char strdup ();
 ^
conftest.c:64:6: warning: conflicting types for built-in function 'strdup'
 char strdup ();
      ^
conftest.c:73:1: warning: function declaration isn't a prototype [-Wstrict-prototypes]
 main ()
 ^
configure:13685: $? = 0
configure:13685: result: yes
configure:13831: creating ./config.status

## ---------------------- ##
## Running config.status. ##
## ---------------------- ##

This file was extended by pbc config.status 0.5.14, which was
generated by GNU Autoconf 2.68.  Invocation command line was

  CONFIG_FILES    = 
  CONFIG_HEADERS  = 
  CONFIG_LINKS    = 
  CONFIG_COMMANDS = 
  $ ./config.status 

on cai-B250M-D3H

config.status:1121: creating Makefile
config.status:1121: creating example/Makefile
config.status:1121: creating gen/Makefile
config.status:1121: creating config.h
config.status:1302: config.h is unchanged
config.status:1350: executing depfiles commands
config.status:1350: executing libtool commands

## ---------------- ##
## Cache variables. ##
## ---------------- ##

ac_cv_build=x86_64-unknown-linux-gnu
ac_cv_c_compiler_gnu=yes
ac_cv_c_const=yes
ac_cv_c_inline=inline
ac_cv_env_CC_set=
ac_cv_env_CC_value=
ac_cv_env_CFLAGS_set=
ac_cv_env_CFLAGS_value=
ac_cv_env_CPPFLAGS_set=
ac_cv_env_CPPFLAGS_value=
ac_cv_env_CPP_set=
ac_cv_env_CPP_value=
ac_cv_env_LDFLAGS_set=
ac_cv_env_LDFLAGS_value=
ac_cv_env_LIBS_set=
ac_cv_env_LIBS_value=
ac_cv_env_YACC_set=
ac_cv_env_YACC_value=
ac_cv_env_YFLAGS_set=
ac_cv_env_YFLAGS_value=
ac_cv_env_build_alias_set=
ac_cv_env_build_alias_value=
ac_cv_env_host_alias_set=
ac_cv_env_host_alias_value=
ac_cv_env_target_alias_set=
ac_cv_env_target_alias_value=
ac_cv_func_alloca_works=yes
ac_cv_func_floor=no
ac_cv_func_gettimeofday=yes
ac_cv_func_malloc_0_nonnull=yes
ac_cv_func_memmove=yes
ac_cv_func_memset=yes
ac_cv_func_pow=no
ac_cv_func_realloc_0_nonnull=yes
ac_cv_func_sqrt=no
ac_cv_func_strchr=yes
ac_cv_func_strdup=yes
ac_cv_header_dlfcn_h=yes
ac_cv_header_inttypes_h=yes
ac_cv_header_memory_h=yes
ac_cv_header_stdc=yes
ac_cv_header_stdint_h=yes
ac_cv_header_stdlib_h=yes
ac_cv_header_string_h=yes
ac_cv_header_strings_h=yes
ac_cv_header_sys_stat_h=yes
ac_cv_header_sys_time_h=yes
ac_cv_header_sys_types_h=yes
ac_cv_header_time=yes
ac_cv_header_unistd_h=yes
ac_cv_host=x86_64-unknown-linux-gnu
ac_cv_lib_gmp___gmpz_init=yes
ac_cv_lib_lex=-lfl
ac_cv_lib_m_pow=yes
ac_cv_objext=o
ac_cv_path_EGREP='/bin/grep -E'
ac_cv_path_FGREP='/bin/grep -F'
ac_cv_path_GREP=/bin/grep
ac_cv_path_SED=/bin/sed
ac_cv_path_install='/usr/bin/install -c'
ac_cv_path_mkdir=/bin/mkdir
ac_cv_prog_AWK=gawk
ac_cv_prog_CPP='gcc -E'
ac_cv_prog_LEX=flex
ac_cv_prog_YACC='bison -y'
ac_cv_prog_ac_ct_AR=ar
ac_cv_prog_ac_ct_CC=gcc
ac_cv_prog_ac_ct_MANIFEST_TOOL=mt
ac_cv_prog_ac_ct_OBJDUMP=objdump
ac_cv_prog_ac_ct_RANLIB=ranlib
ac_cv_prog_ac_ct_STRIP=strip
ac_cv_prog_cc_c89=
ac_cv_prog_cc_g=yes
ac_cv_prog_cc_gcc_c_o=yes
ac_cv_prog_lex_root=lex.yy
ac_cv_prog_lex_yytext_pointer=yes
ac_cv_prog_make_make_set=yes
ac_cv_type_size_t=yes
ac_cv_working_alloca_h=yes
am_cv_CC_dependencies_compiler_type=gcc3
lt_cv_ar_at_file=@
lt_cv_archive_cmds_need_lc=no
lt_cv_deplibs_check_method=pass_all
lt_cv_file_magic_cmd='$MAGIC_CMD'
lt_cv_file_magic_test_file=
lt_cv_ld_reload_flag=-r
lt_cv_nm_interface='BSD nm'
lt_cv_objdir=.libs
lt_cv_path_LD=/usr/bin/ld
lt_cv_path_NM='/usr/bin/nm -B'
lt_cv_path_mainfest_tool=no
lt_cv_prog_compiler_c_o=yes
lt_cv_prog_compiler_pic='-fPIC -DPIC'
lt_cv_prog_compiler_pic_works=yes
lt_cv_prog_compiler_rtti_exceptions=no
lt_cv_prog_compiler_static_works=yes
lt_cv_prog_gnu_ld=yes
lt_cv_sharedlib_from_linklib_cmd='printf %s\n'
lt_cv_shlibpath_overrides_runpath=no
lt_cv_sys_global_symbol_pipe='sed -n -e '\''s/^.*[	 ]\([ABCDGIRSTW][ABCDGIRSTW]*\)[	 ][	 ]*\([_A-Za-z][_A-Za-z0-9]*\)$/\1 \2 \2/p'\'' | sed '\''/ __gnu_lto/d'\'''
lt_cv_sys_global_symbol_to_c_name_address='sed -n -e '\''s/^: \([^ ]*\)[ ]*$/  {\"\1\", (void *) 0},/p'\'' -e '\''s/^[ABCDGIRSTW]* \([^ ]*\) \([^ ]*\)$/  {"\2", (void *) \&\2},/p'\'''
lt_cv_sys_global_symbol_to_c_name_address_lib_prefix='sed -n -e '\''s/^: \([^ ]*\)[ ]*$/  {\"\1\", (void *) 0},/p'\'' -e '\''s/^[ABCDGIRSTW]* \([^ ]*\) \(lib[^ ]*\)$/  {"\2", (void *) \&\2},/p'\'' -e '\''s/^[ABCDGIRSTW]* \([^ ]*\) \([^ ]*\)$/  {"lib\2", (void *) \&\2},/p'\'''
lt_cv_sys_global_symbol_to_cdecl='sed -n -e '\''s/^T .* \(.*\)$/extern int \1();/p'\'' -e '\''s/^[ABCDGIRSTW]* .* \(.*\)$/extern char \1;/p'\'''
lt_cv_sys_max_cmd_len=1572864
lt_cv_to_host_file_cmd=func_convert_file_noop
lt_cv_to_tool_file_cmd=func_convert_file_noop

## ----------------- ##
## Output variables. ##
## ----------------- ##

ACLOCAL='${SHELL} /work/go-ethereum/crypto/dcrm/pbc-0.5.14/missing --run aclocal-1.11'
ALLOCA=''
AMDEPBACKSLASH='\'
AMDEP_FALSE='#'
AMDEP_TRUE=''
AMTAR='$${TAR-tar}'
AR='ar'
AS='as'
AUTOCONF='${SHELL} /work/go-ethereum/crypto/dcrm/pbc-0.5.14/missing --run autoconf'
AUTOHEADER='${SHELL} /work/go-ethereum/crypto/dcrm/pbc-0.5.14/missing --run autoheader'
AUTOMAKE='${SHELL} /work/go-ethereum/crypto/dcrm/pbc-0.5.14/missing --run automake-1.11'
AWK='gawk'
CC='gcc'
CCDEPMODE='depmode=gcc3'
CFLAGS=' -Wall -W -Wfloat-equal -Wpointer-arith -Wcast-align -Wstrict-prototypes -Wredundant-decls -Wendif-labels -Wshadow -pipe -ffast-math -U__STRICT_ANSI__ -std=gnu99 -fomit-frame-pointer -O3'
CPP='gcc -E'
CPPFLAGS=''
CYGPATH_W='echo'
DEFS='-DHAVE_CONFIG_H'
DEPDIR='.deps'
DLLTOOL='false'
DSYMUTIL=''
DUMPBIN=''
ECHO_C=''
ECHO_N='-n'
ECHO_T=''
EGREP='/bin/grep -E'
EXEEXT=''
FGREP='/bin/grep -F'
GREP='/bin/grep'
INSTALL_DATA='${INSTALL} -m 644'
INSTALL_PROGRAM='${INSTALL}'
INSTALL_SCRIPT='${INSTALL}'
INSTALL_STRIP_PROGRAM='$(install_sh) -c -s'
LD='/usr/bin/ld -m elf_x86_64'
LDFLAGS=''
LEX='flex'
LEXLIB='-lfl'
LEX_OUTPUT_ROOT='lex.yy'
LIBOBJS=''
LIBPBC_DLL='0'
LIBPBC_LDFLAGS=''
LIBS=''
LIBTOOL='$(SHELL) $(top_builddir)/libtool'
LIPO=''
LN_S='ln -s'
LTLIBOBJS=''
MAKEINFO='${SHELL} /work/go-ethereum/crypto/dcrm/pbc-0.5.14/missing --run makeinfo'
MANIFEST_TOOL=':'
MKDIR_P='/bin/mkdir -p'
NM='/usr/bin/nm -B'
NMEDIT=''
OBJDUMP='objdump'
OBJEXT='o'
OTOOL64=''
OTOOL=''
PACKAGE='pbc'
PACKAGE_BUGREPORT='blynn@cs.stanford.edu'
PACKAGE_NAME='pbc'
PACKAGE_STRING='pbc 0.5.14'
PACKAGE_TARNAME='pbc'
PACKAGE_URL=''
PACKAGE_VERSION='0.5.14'
PATH_SEPARATOR=':'
PBC_LDFLAGS=''
RANLIB='ranlib'
SED='/bin/sed'
SET_MAKE=''
SHELL='/bin/bash'
STRIP='strip'
VERSION='0.5.14'
YACC='bison -y'
YFLAGS=''
ac_ct_AR='ar'
ac_ct_CC='gcc'
ac_ct_DUMPBIN=''
am__EXEEXT_FALSE=''
am__EXEEXT_TRUE='#'
am__fastdepCC_FALSE='#'
am__fastdepCC_TRUE=''
am__include='include'
am__isrc=''
am__leading_dot='.'
am__nodep='_no'
am__quote=''
am__tar='$${TAR-tar} chof - "$$tardir"'
am__untar='$${TAR-tar} xf -'
bindir='${exec_prefix}/bin'
build='x86_64-unknown-linux-gnu'
build_alias=''
build_cpu='x86_64'
build_os='linux-gnu'
build_vendor='unknown'
datadir='${datarootdir}'
datarootdir='${prefix}/share'
docdir='${datarootdir}/doc/${PACKAGE_TARNAME}'
dvidir='${docdir}'
exec_prefix='${prefix}'
host='x86_64-unknown-linux-gnu'
host_alias=''
host_cpu='x86_64'
host_os='linux-gnu'
host_vendor='unknown'
htmldir='${docdir}'
includedir='${prefix}/include'
infodir='${datarootdir}/info'
install_sh='${SHELL} /work/go-ethereum/crypto/dcrm/pbc-0.5.14/install-sh'
libdir='${exec_prefix}/lib'
libexecdir='${exec_prefix}/libexec'
localedir='${datarootdir}/locale'
localstatedir='${prefix}/var'
mandir='${datarootdir}/man'
mkdir_p='/bin/mkdir -p'
oldincludedir='/usr/include'
pdfdir='${docdir}'
prefix='/usr'
program_transform_name='s,x,x,'
psdir='${docdir}'
sbindir='${exec_prefix}/sbin'
sharedstatedir='${prefix}/com'
sysconfdir='${prefix}/etc'
target_alias=''

## ----------- ##
## confdefs.h. ##
## ----------- ##

/* confdefs.h */
#define PACKAGE_NAME "pbc"
#define PACKAGE_TARNAME "pbc"
#define PACKAGE_VERSION "0.5.14"
#define PACKAGE_STRING "pbc 0.5.14"
#define PACKAGE_BUGREPORT "blynn@cs.stanford.edu"
#define PACKAGE_URL ""
#define PACKAGE "pbc"
#define VERSION "0.5.14"
#define STDC_HEADERS 1
#define HAVE_SYS_TYPES_H 1
#define HAVE_SYS_STAT_H 1
#define HAVE_STDLIB_H 1
#define HAVE_STRING_H 1
#define HAVE_MEMORY_H 1
#define HAVE_STRINGS_H 1
#define HAVE_INTTYPES_H 1
#define HAVE_STDINT_H 1
#define HAVE_UNISTD_H 1
#define HAVE_DLFCN_H 1
#define LT_OBJDIR ".libs/"
#define YYTEXT_POINTER 1
#define HAVE_LIBM 1
#define HAVE_LIBGMP 1
#define HAVE_ALLOCA_H 1
#define HAVE_ALLOCA 1
#define STDC_HEADERS 1
#define HAVE_STDLIB_H 1
#define HAVE_STRING_H 1
#define HAVE_SYS_TIME_H 1
#define TIME_WITH_SYS_TIME 1
#define HAVE_STDLIB_H 1
#define HAVE_MALLOC 1
#define HAVE_STDLIB_H 1
#define HAVE_REALLOC 1
#define HAVE_GETTIMEOFDAY 1
#define HAVE_MEMMOVE 1
#define HAVE_MEMSET 1
#define HAVE_STRCHR 1
#define HAVE_STRDUP 1

configure: exit 0

## ---------------------- ##
## Running config.status. ##
## ---------------------- ##

This file was extended by pbc config.status 0.5.14, which was
generated by GNU Autoconf 2.68.  Invocation command line was

  CONFIG_FILES    = 
  CONFIG_HEADERS  = 
  CONFIG_LINKS    = 
  CONFIG_COMMANDS = 
  $ ./config.status 

on cai-B250M-D3H

config.status:1121: creating Makefile
config.status:1121: creating example/Makefile
config.status:1121: creating gen/Makefile
config.status:1121: creating config.h
config.status:1302: config.h is unchanged
config.status:1350: executing depfiles commands
config.status:1350: executing libtool commands
